Using pre-set license
Built from '2022.3/staging' branch; Version is '2022.3.17f1 (4fc78088f837) revision 5228416'; Using compiler version '192829333'; Build Type 'Release'
OS: 'Windows 11  (10.0.22621) 64bit CoreSingleLanguage' Language: 'en' Physical Memory: 16231 MB
BatchMode: 1, IsHumanControllingUs: 0, StartBugReporterOnCrash: 0, Is64bit: 1, IsPro: 1

COMMAND LINE ARGUMENTS:
C:\Program Files\Unity\Hub\Editor\2022.3.17f1\Editor\Unity.exe
-adb2
-batchMode
-noUpm
-name
AssetImportWorker0
-projectPath
D:/Unity/The hunter
-logFile
Logs/AssetImportWorker0.log
-srvPort
60940
Successfully changed project path to: D:/Unity/The hunter
D:/Unity/The hunter
[UnityMemory] Configuration Parameters - Can be set up in boot.config
    "memorysetup-bucket-allocator-granularity=16"
    "memorysetup-bucket-allocator-bucket-count=8"
    "memorysetup-bucket-allocator-block-size=33554432"
    "memorysetup-bucket-allocator-block-count=8"
    "memorysetup-main-allocator-block-size=16777216"
    "memorysetup-thread-allocator-block-size=16777216"
    "memorysetup-gfx-main-allocator-block-size=16777216"
    "memorysetup-gfx-thread-allocator-block-size=16777216"
    "memorysetup-cache-allocator-block-size=4194304"
    "memorysetup-typetree-allocator-block-size=2097152"
    "memorysetup-profiler-bucket-allocator-granularity=16"
    "memorysetup-profiler-bucket-allocator-bucket-count=8"
    "memorysetup-profiler-bucket-allocator-block-size=33554432"
    "memorysetup-profiler-bucket-allocator-block-count=8"
    "memorysetup-profiler-allocator-block-size=16777216"
    "memorysetup-profiler-editor-allocator-block-size=1048576"
    "memorysetup-temp-allocator-size-main=16777216"
    "memorysetup-job-temp-allocator-block-size=2097152"
    "memorysetup-job-temp-allocator-block-size-background=1048576"
    "memorysetup-job-temp-allocator-reduction-small-platforms=262144"
    "memorysetup-allocator-temp-initial-block-size-main=262144"
    "memorysetup-allocator-temp-initial-block-size-worker=262144"
    "memorysetup-temp-allocator-size-background-worker=32768"
    "memorysetup-temp-allocator-size-job-worker=262144"
    "memorysetup-temp-allocator-size-preload-manager=33554432"
    "memorysetup-temp-allocator-size-nav-mesh-worker=65536"
    "memorysetup-temp-allocator-size-audio-worker=65536"
    "memorysetup-temp-allocator-size-cloud-worker=32768"
    "memorysetup-temp-allocator-size-gi-baking-worker=262144"
    "memorysetup-temp-allocator-size-gfx=262144"
Player connection [8952] Host "[IP] 172.18.144.1 [Port] 0 [Flags] 2 [Guid] 555057830 [EditorId] 555057830 [Version] 1048832 [Id] WindowsEditor(7,DESKTOP-ERQEP9G) [Debug] 1 [PackageName] WindowsEditor [ProjectName] Editor" joined multi-casting on [225.0.0.222:54997]...

Player connection [8952] Host "[IP] 172.18.144.1 [Port] 0 [Flags] 2 [Guid] 555057830 [EditorId] 555057830 [Version] 1048832 [Id] WindowsEditor(7,DESKTOP-ERQEP9G) [Debug] 1 [PackageName] WindowsEditor [ProjectName] Editor" joined alternative multi-casting on [225.0.0.222:34997]...

[Physics::Module] Initialized MultithreadedJobDispatcher with 7 workers.
Refreshing native plugins compatible for Editor in 18.92 ms, found 3 plugins.
Preloading 0 native plugins for Editor in 0.00 ms.
Initialize engine version: 2022.3.17f1 (4fc78088f837)
[Subsystems] Discovering subsystems at path C:/Program Files/Unity/Hub/Editor/2022.3.17f1/Editor/Data/Resources/UnitySubsystems
[Subsystems] Discovering subsystems at path D:/Unity/The hunter/Assets
GfxDevice: creating device client; threaded=0; jobified=0
Direct3D:
    Version:  Direct3D 11.0 [level 11.1]
    Renderer: AMD Radeon 610 Series (ID=0x6665)
    Vendor:   ATI
    VRAM:     2039 MB
    Driver:   26.20.15026.1
Initialize mono
Mono path[0] = 'C:/Program Files/Unity/Hub/Editor/2022.3.17f1/Editor/Data/Managed'
Mono path[1] = 'C:/Program Files/Unity/Hub/Editor/2022.3.17f1/Editor/Data/MonoBleedingEdge/lib/mono/unityjit-win32'
Mono config path = 'C:/Program Files/Unity/Hub/Editor/2022.3.17f1/Editor/Data/MonoBleedingEdge/etc'
Using monoOptions --debugger-agent=transport=dt_socket,embedding=1,server=y,suspend=n,address=127.0.0.1:56292
Begin MonoManager ReloadAssembly
Registering precompiled unity dll's ...
Register platform support module: C:/Program Files/Unity/Hub/Editor/2022.3.17f1/Editor/Data/PlaybackEngines/WebGLSupport/UnityEditor.WebGL.Extensions.dll
Register platform support module: C:/Program Files/Unity/Hub/Editor/2022.3.17f1/Editor/Data/PlaybackEngines/AndroidPlayer/UnityEditor.Android.Extensions.dll
Register platform support module: C:/Program Files/Unity/Hub/Editor/2022.3.17f1/Editor/Data/PlaybackEngines/WindowsStandaloneSupport/UnityEditor.WindowsStandalone.Extensions.dll
Registered in 0.012743 seconds.
- Loaded All Assemblies, in  0.632 seconds
Native extension for WindowsStandalone target not found
Native extension for Android target not found
Android Extension - Scanning For ADB Devices 449 ms
Native extension for WebGL target not found
Mono: successfully reloaded assembly
- Finished resetting the current domain, in  1.011 seconds
Domain Reload Profiling: 1640ms
	BeginReloadAssembly (180ms)
		ExecutionOrderSort (0ms)
		DisableScriptedObjects (0ms)
		BackupInstance (0ms)
		ReleaseScriptingObjects (0ms)
		CreateAndSetChildDomain (1ms)
	RebuildCommonClasses (77ms)
	RebuildNativeTypeToScriptingClass (22ms)
	initialDomainReloadingComplete (89ms)
	LoadAllAssembliesAndSetupDomain (260ms)
		LoadAssemblies (178ms)
		RebuildTransferFunctionScriptingTraits (0ms)
		AnalyzeDomain (256ms)
			TypeCache.Refresh (254ms)
				TypeCache.ScanAssembly (233ms)
			ScanForSourceGeneratedMonoScriptInfo (1ms)
			ResolveRequiredComponents (1ms)
	FinalizeReload (1011ms)
		ReleaseScriptCaches (0ms)
		RebuildScriptCaches (0ms)
		SetupLoadedEditorAssemblies (914ms)
			LogAssemblyErrors (0ms)
			InitializePlatformSupportModulesInManaged (626ms)
			SetLoadedEditorAssemblies (6ms)
			RefreshPlugins (0ms)
			BeforeProcessingInitializeOnLoad (4ms)
			ProcessInitializeOnLoadAttributes (197ms)
			ProcessInitializeOnLoadMethodAttributes (80ms)
			AfterProcessingInitializeOnLoad (0ms)
			EditorAssembliesLoaded (0ms)
		ExecutionOrderSort2 (0ms)
		AwakeInstancesAfterBackupRestoration (0ms)
========================================================================
Worker process is ready to serve import requests
Begin MonoManager ReloadAssembly
Symbol file LoadedFromMemory is not a mono symbol file
- Loaded All Assemblies, in  1.742 seconds
Refreshing native plugins compatible for Editor in 10.78 ms, found 3 plugins.
Native extension for WindowsStandalone target not found
Native extension for Android target not found
Native extension for WebGL target not found
Package Manager log level set to [2]
[Package Manager] Server::EnsureServerProcessIsRunning -- launch failed, reason: Unity was launched with the -noUpm command-line argument
[Package Manager] UpmClient::Send -- Unable to send message (not connected to UPM process).
[Package Manager] Cannot connect to Unity Package Manager local server
Mono: successfully reloaded assembly
- Finished resetting the current domain, in  1.894 seconds
Domain Reload Profiling: 3632ms
	BeginReloadAssembly (288ms)
		ExecutionOrderSort (0ms)
		DisableScriptedObjects (10ms)
		BackupInstance (0ms)
		ReleaseScriptingObjects (0ms)
		CreateAndSetChildDomain (38ms)
	RebuildCommonClasses (74ms)
	RebuildNativeTypeToScriptingClass (26ms)
	initialDomainReloadingComplete (88ms)
	LoadAllAssembliesAndSetupDomain (1260ms)
		LoadAssemblies (741ms)
		RebuildTransferFunctionScriptingTraits (0ms)
		AnalyzeDomain (665ms)
			TypeCache.Refresh (596ms)
				TypeCache.ScanAssembly (555ms)
			ScanForSourceGeneratedMonoScriptInfo (52ms)
			ResolveRequiredComponents (15ms)
	FinalizeReload (1895ms)
		ReleaseScriptCaches (0ms)
		RebuildScriptCaches (0ms)
		SetupLoadedEditorAssemblies (1552ms)
			LogAssemblyErrors (0ms)
			InitializePlatformSupportModulesInManaged (57ms)
			SetLoadedEditorAssemblies (9ms)
			RefreshPlugins (0ms)
			BeforeProcessingInitializeOnLoad (243ms)
			ProcessInitializeOnLoadAttributes (806ms)
			ProcessInitializeOnLoadMethodAttributes (418ms)
			AfterProcessingInitializeOnLoad (19ms)
			EditorAssembliesLoaded (1ms)
		ExecutionOrderSort2 (0ms)
		AwakeInstancesAfterBackupRestoration (20ms)
Failed to load shader (instanceID 25832, GUID 9c442dc870b456e48b615cd8add0e9ef)
Failed to load shader (instanceID 25834, GUID 493b79ea9c9be44ed8b702014d3ac49c)
Launched and connected shader compiler UnityShaderCompiler.exe after 0.08 seconds
Refreshing native plugins compatible for Editor in 5.82 ms, found 3 plugins.
Preloading 0 native plugins for Editor in 0.00 ms.
Unloading 1751 Unused Serialized files (Serialized files now loaded: 0)
Unloading 81 unused Assets / (2.8 MB). Loaded Objects now: 2183.
Memory consumption went from 125.9 MB to 123.1 MB.
Total: 8.438600 ms (FindLiveObjects: 0.179300 ms CreateObjectMapping: 0.112300 ms MarkObjects: 7.383600 ms  DeleteObjects: 0.762300 ms)

AssetImportParameters requested are different than current active one (requested -> active):
  custom:container-demuxer-ogg: 62fdf1f143b41e24485cea50d1cbac27 -> 
  custom:video-codec-MediaFoundation-h265: 746d11721c4dcdbdad8f713fa42b33f4 -> 
  custom:video-decoder-ogg-theora: a1e56fd34408186e4bbccfd4996cb3dc -> 
  custom:framework-win-MediaFoundation: 216162199b28c13a410421893ffa2e32 -> 
  custom:CustomObjectIndexerAttribute: 6d391050e5a25f67b0a2c618074f2cd9 -> 
  custom:container-demuxer-webm: 4f35f7cbe854078d1ac9338744f61a02 -> 
  custom:container-muxer-webm: aa71ff27fc2769a1b78a27578f13a17b -> 
  custom:video-decoder-webm-vp8: 9c59270c3fd7afecdb556c50c9e8de78 -> 
  custom:SearchIndexIgnoredProperties: e643bd26f0fe6173181afceb89e7c659 -> 
  custom:AudioImporter_EditorPlatform: d09bf68614088b80899f8185d706f6e7 -> 
  custom:video-encoder-webm-vp8: eb34c28f22e8b96e1ab97ce403110664 -> 
  custom:audio-decoder-ogg-vorbis: bf7c407c2cedff20999df2af8eb42d56 -> 
  custom:audio-encoder-webm-vorbis: bf7c407c2cedff20999df2af8eb42d56 -> 
========================================================================
Received Import Request.
  Time since last request: 9805.480181 seconds.
  path: Assets/Versatile Studio Assets/Demo City By Versatile Studio/Materials
  artifactKey: Guid(b87bec4eda504d6498cf0be335a99277) Importer(815301076,1909f56bfc062723c751e8b465ee728b)
Start importing Assets/Versatile Studio Assets/Demo City By Versatile Studio/Materials using Guid(b87bec4eda504d6498cf0be335a99277) Importer(815301076,1909f56bfc062723c751e8b465ee728b)  -> (artifact id: '7249f0e93f6292604c01a5d1ae793be2') in 0.003947 seconds
Number of updated asset objects reloaded before import = 0
Number of asset objects unloaded after import = 0
========================================================================
Received Import Request.
  Time since last request: 0.035344 seconds.
  path: Assets/Versatile Studio Assets/Demo City By Versatile Studio/Materials/asphalt_2-5_tracks.mat
  artifactKey: Guid(fd9c9ee73e2d66143b28564b9e869f9a) Importer(815301076,1909f56bfc062723c751e8b465ee728b)
Start importing Assets/Versatile Studio Assets/Demo City By Versatile Studio/Materials/asphalt_2-5_tracks.mat using Guid(fd9c9ee73e2d66143b28564b9e869f9a) Importer(815301076,1909f56bfc062723c751e8b465ee728b)  -> (artifact id: '4817d600712b5af71080a76128c72046') in 0.407047 seconds
Number of updated asset objects reloaded before import = 0
Number of asset objects unloaded after import = 4
========================================================================
Received Import Request.
  Time since last request: 0.000042 seconds.
  path: Assets/Versatile Studio Assets/Demo City By Versatile Studio/Materials/asphalt_square.mat
  artifactKey: Guid(614dd1ad77a3649498945301458c6489) Importer(815301076,1909f56bfc062723c751e8b465ee728b)
Start importing Assets/Versatile Studio Assets/Demo City By Versatile Studio/Materials/asphalt_square.mat using Guid(614dd1ad77a3649498945301458c6489) Importer(815301076,1909f56bfc062723c751e8b465ee728b)  -> (artifact id: '209d54849b5735f5454341d7c20eabef') in 0.206832 seconds
Number of updated asset objects reloaded before import = 0
Number of asset objects unloaded after import = 4
========================================================================
Received Import Request.
  Time since last request: 0.000034 seconds.
  path: Assets/Versatile Studio Assets/Demo City By Versatile Studio/Materials/highway_wall.mat
  artifactKey: Guid(d6de95fc1051f9e40a1c2b8cfada2c7c) Importer(815301076,1909f56bfc062723c751e8b465ee728b)
Start importing Assets/Versatile Studio Assets/Demo City By Versatile Studio/Materials/highway_wall.mat using Guid(d6de95fc1051f9e40a1c2b8cfada2c7c) Importer(815301076,1909f56bfc062723c751e8b465ee728b)  -> (artifact id: '2c9b06f2b7aefc4b445a40ac495c41f3') in 0.088888 seconds
Number of updated asset objects reloaded before import = 0
Number of asset objects unloaded after import = 3
========================================================================
Received Import Request.
  Time since last request: 0.003896 seconds.
  path: Assets/Versatile Studio Assets/Demo City By Versatile Studio/Materials/building_windows_wet.mat
  artifactKey: Guid(bc2a974a815d4df4d93d36f57a1a66c3) Importer(815301076,1909f56bfc062723c751e8b465ee728b)
Start importing Assets/Versatile Studio Assets/Demo City By Versatile Studio/Materials/building_windows_wet.mat using Guid(bc2a974a815d4df4d93d36f57a1a66c3) Importer(815301076,1909f56bfc062723c751e8b465ee728b)  -> (artifact id: 'b8bb94380ed3b613d6ab1d8ab405f0d5') in 0.201612 seconds
Number of updated asset objects reloaded before import = 0
Number of asset objects unloaded after import = 3
========================================================================
Received Import Request.
  Time since last request: 0.000027 seconds.
  path: Assets/Versatile Studio Assets/Demo City By Versatile Studio/Materials/sideway_tile.mat
  artifactKey: Guid(e343388f0f8c8714ca3e19bc022d8f1f) Importer(815301076,1909f56bfc062723c751e8b465ee728b)
Start importing Assets/Versatile Studio Assets/Demo City By Versatile Studio/Materials/sideway_tile.mat using Guid(e343388f0f8c8714ca3e19bc022d8f1f) Importer(815301076,1909f56bfc062723c751e8b465ee728b)  -> (artifact id: '169c52b20275fbb25e5d47efd32bb7f1') in 0.288313 seconds
Number of updated asset objects reloaded before import = 0
Number of asset objects unloaded after import = 4
========================================================================
Received Import Request.
  Time since last request: 0.000030 seconds.
  path: Assets/Versatile Studio Assets/Demo City By Versatile Studio/Materials/building_facades.mat
  artifactKey: Guid(ae52bce8c68a3ea499f06d8068f9ff82) Importer(815301076,1909f56bfc062723c751e8b465ee728b)
Start importing Assets/Versatile Studio Assets/Demo City By Versatile Studio/Materials/building_facades.mat using Guid(ae52bce8c68a3ea499f06d8068f9ff82) Importer(815301076,1909f56bfc062723c751e8b465ee728b)  -> (artifact id: '49ba3f70878a38011873515e3c4d3a0f') in 0.153386 seconds
Number of updated asset objects reloaded before import = 0
Number of asset objects unloaded after import = 3
========================================================================
Received Import Request.
  Time since last request: 0.000033 seconds.
  path: Assets/Versatile Studio Assets/Demo City By Versatile Studio/Materials/building_interior.mat
  artifactKey: Guid(c7040db656dd78e4db434fd7330def51) Importer(815301076,1909f56bfc062723c751e8b465ee728b)
Start importing Assets/Versatile Studio Assets/Demo City By Versatile Studio/Materials/building_interior.mat using Guid(c7040db656dd78e4db434fd7330def51) Importer(815301076,1909f56bfc062723c751e8b465ee728b)  -> (artifact id: 'b1824cf737a9bc350c2489bcc0cb11a3') in 0.060984 seconds
Number of updated asset objects reloaded before import = 0
Number of asset objects unloaded after import = 4
========================================================================
Received Import Request.
  Time since last request: 1.279718 seconds.
  path: Assets/Versatile Studio Assets/Demo City By Versatile Studio/Models
  artifactKey: Guid(1f782baedcb1aa543a0dd093b1bf9d2c) Importer(815301076,1909f56bfc062723c751e8b465ee728b)
Start importing Assets/Versatile Studio Assets/Demo City By Versatile Studio/Models using Guid(1f782baedcb1aa543a0dd093b1bf9d2c) Importer(815301076,1909f56bfc062723c751e8b465ee728b)  -> (artifact id: '6b06762caca8817e4cf8098ac5dd8e9e') in 0.000644 seconds
Number of updated asset objects reloaded before import = 0
Number of asset objects unloaded after import = 0
========================================================================
Received Import Request.
  Time since last request: 0.052635 seconds.
  path: Assets/Versatile Studio Assets/Demo City By Versatile Studio/Models/basement_big.fbx
  artifactKey: Guid(14a3f32c76f649d47812dbec6c810180) Importer(815301076,1909f56bfc062723c751e8b465ee728b)
Start importing Assets/Versatile Studio Assets/Demo City By Versatile Studio/Models/basement_big.fbx using Guid(14a3f32c76f649d47812dbec6c810180) Importer(815301076,1909f56bfc062723c751e8b465ee728b)  -> (artifact id: 'db38cb98804ee2f4dac1c9d284ab3aa8') in 0.501903 seconds
Number of updated asset objects reloaded before import = 0
Number of asset objects unloaded after import = 14
========================================================================
Received Import Request.
  Time since last request: 0.000028 seconds.
  path: Assets/Versatile Studio Assets/Demo City By Versatile Studio/Models/highway_support.fbx
  artifactKey: Guid(3e4c02719a29aca4092dd29f07fc1a7e) Importer(815301076,1909f56bfc062723c751e8b465ee728b)
Start importing Assets/Versatile Studio Assets/Demo City By Versatile Studio/Models/highway_support.fbx using Guid(3e4c02719a29aca4092dd29f07fc1a7e) Importer(815301076,1909f56bfc062723c751e8b465ee728b)  -> (artifact id: '4ab591c045ed890dd36f33e753691373') in 0.066667 seconds
Number of updated asset objects reloaded before import = 0
Number of asset objects unloaded after import = 10
========================================================================
Received Import Request.
  Time since last request: 0.000029 seconds.
  path: Assets/Versatile Studio Assets/Demo City By Versatile Studio/Models/hedge_with_base.fbx
  artifactKey: Guid(8e079575efded7b488ca4313fcf6eeac) Importer(815301076,1909f56bfc062723c751e8b465ee728b)
Start importing Assets/Versatile Studio Assets/Demo City By Versatile Studio/Models/hedge_with_base.fbx using Guid(8e079575efded7b488ca4313fcf6eeac) Importer(815301076,1909f56bfc062723c751e8b465ee728b)  -> (artifact id: '29ea4eb9e32db812511bc67bafd53933') in 0.095541 seconds
Number of updated asset objects reloaded before import = 0
Number of asset objects unloaded after import = 13
========================================================================
Received Import Request.
  Time since last request: 0.000033 seconds.
  path: Assets/Versatile Studio Assets/Demo City By Versatile Studio/Models/mid_house_1_2.fbx
  artifactKey: Guid(3390c1ec7496ee04d87b70f3ff3a4af6) Importer(815301076,1909f56bfc062723c751e8b465ee728b)
Start importing Assets/Versatile Studio Assets/Demo City By Versatile Studio/Models/mid_house_1_2.fbx using Guid(3390c1ec7496ee04d87b70f3ff3a4af6) Importer(815301076,1909f56bfc062723c751e8b465ee728b)  -> (artifact id: '73d8b83e774dfbe7f1204e4e1ed14b14') in 0.529574 seconds
Number of updated asset objects reloaded before import = 0
Number of asset objects unloaded after import = 20
========================================================================
Received Import Request.
  Time since last request: 0.000022 seconds.
  path: Assets/Versatile Studio Assets/Demo City By Versatile Studio/Models/building_lamp.fbx
  artifactKey: Guid(decc49a5103de784e84ab781e9bf158d) Importer(815301076,1909f56bfc062723c751e8b465ee728b)
Start importing Assets/Versatile Studio Assets/Demo City By Versatile Studio/Models/building_lamp.fbx using Guid(decc49a5103de784e84ab781e9bf158d) Importer(815301076,1909f56bfc062723c751e8b465ee728b)  -> (artifact id: 'f692e2b93b893f6d892dd1b6b17cbd2d') in 0.045413 seconds
Number of updated asset objects reloaded before import = 0
Number of asset objects unloaded after import = 11
========================================================================
Received Import Request.
  Time since last request: 0.000036 seconds.
  path: Assets/Versatile Studio Assets/Demo City By Versatile Studio/Models/office_building_3.fbx
  artifactKey: Guid(3a5032c8bc2567545bc749fd50c0a563) Importer(815301076,1909f56bfc062723c751e8b465ee728b)
Start importing Assets/Versatile Studio Assets/Demo City By Versatile Studio/Models/office_building_3.fbx using Guid(3a5032c8bc2567545bc749fd50c0a563) Importer(815301076,1909f56bfc062723c751e8b465ee728b)  -> (artifact id: '66f47c5802e2691589a4022d4fb14814') in 0.585455 seconds
Number of updated asset objects reloaded before import = 0
Number of asset objects unloaded after import = 24
========================================================================
Received Import Request.
  Time since last request: 0.000030 seconds.
  path: Assets/Versatile Studio Assets/Demo City By Versatile Studio/Models/mid_house_1.fbx
  artifactKey: Guid(84cdbd9dcb4f91c49b95316c72e1aa80) Importer(815301076,1909f56bfc062723c751e8b465ee728b)
Start importing Assets/Versatile Studio Assets/Demo City By Versatile Studio/Models/mid_house_1.fbx using Guid(84cdbd9dcb4f91c49b95316c72e1aa80) Importer(815301076,1909f56bfc062723c751e8b465ee728b)  -> (artifact id: 'c858507c68c19a3656ede0138d643b15') in 0.529511 seconds
Number of updated asset objects reloaded before import = 0
Number of asset objects unloaded after import = 20
========================================================================
Received Import Request.
  Time since last request: 0.000029 seconds.
  path: Assets/Versatile Studio Assets/Demo City By Versatile Studio/Models/office_building_2.fbx
  artifactKey: Guid(9a89042126c1116449739a942cb04132) Importer(815301076,1909f56bfc062723c751e8b465ee728b)
Start importing Assets/Versatile Studio Assets/Demo City By Versatile Studio/Models/office_building_2.fbx using Guid(9a89042126c1116449739a942cb04132) Importer(815301076,1909f56bfc062723c751e8b465ee728b)  -> (artifact id: 'a78f0c00a7b1a87aaf5764438ca98202') in 0.674514 seconds
Number of updated asset objects reloaded before import = 0
Number of asset objects unloaded after import = 24
========================================================================
Received Import Request.
  Time since last request: 0.000025 seconds.
  path: Assets/Versatile Studio Assets/Demo City By Versatile Studio/Prefabs/factory_building_big.prefab
  artifactKey: Guid(9bb7d850f09915e418ad6c2416757b9d) Importer(815301076,1909f56bfc062723c751e8b465ee728b)
Start importing Assets/Versatile Studio Assets/Demo City By Versatile Studio/Prefabs/factory_building_big.prefab using Guid(9bb7d850f09915e418ad6c2416757b9d) Importer(815301076,1909f56bfc062723c751e8b465ee728b)  -> (artifact id: 'fb2651b9284c1220a026d02f441af1ab') in 0.841037 seconds
Number of updated asset objects reloaded before import = 0
Number of asset objects unloaded after import = 30
========================================================================
Received Import Request.
  Time since last request: 0.000039 seconds.
  path: Assets/Versatile Studio Assets/Demo City By Versatile Studio/Prefabs/mid_house_1_2.prefab
  artifactKey: Guid(1539a5461c562d640b97b26fbd7bf9f9) Importer(815301076,1909f56bfc062723c751e8b465ee728b)
Start importing Assets/Versatile Studio Assets/Demo City By Versatile Studio/Prefabs/mid_house_1_2.prefab using Guid(1539a5461c562d640b97b26fbd7bf9f9) Importer(815301076,1909f56bfc062723c751e8b465ee728b)  -> (artifact id: 'd6af369da1b64ee1945322a2fc4feabd') in 0.413838 seconds
Number of updated asset objects reloaded before import = 0
Number of asset objects unloaded after import = 26
========================================================================
Received Import Request.
  Time since last request: 0.000018 seconds.
  path: Assets/Versatile Studio Assets/Demo City By Versatile Studio/Models/mid_house_3.fbx
  artifactKey: Guid(b415aacfae9c097419b5859e99bc6899) Importer(815301076,1909f56bfc062723c751e8b465ee728b)
Start importing Assets/Versatile Studio Assets/Demo City By Versatile Studio/Models/mid_house_3.fbx using Guid(b415aacfae9c097419b5859e99bc6899) Importer(815301076,1909f56bfc062723c751e8b465ee728b)  -> (artifact id: '9db775ff5296601ef7fb6d5eb815a8c1') in 0.484953 seconds
Number of updated asset objects reloaded before import = 0
Number of asset objects unloaded after import = 20
========================================================================
Received Import Request.
  Time since last request: 0.000026 seconds.
  path: Assets/Versatile Studio Assets/Demo City By Versatile Studio/Models/lamp_pole_single.fbx
  artifactKey: Guid(e46b02998d4b44f4eaaf9a29daca8f13) Importer(815301076,1909f56bfc062723c751e8b465ee728b)
Start importing Assets/Versatile Studio Assets/Demo City By Versatile Studio/Models/lamp_pole_single.fbx using Guid(e46b02998d4b44f4eaaf9a29daca8f13) Importer(815301076,1909f56bfc062723c751e8b465ee728b)  -> (artifact id: '261b6e7b75bb29a776bd5b85480b8b60') in 0.048027 seconds
Number of updated asset objects reloaded before import = 0
Number of asset objects unloaded after import = 11
========================================================================
Received Import Request.
  Time since last request: 0.000025 seconds.
  path: Assets/Versatile Studio Assets/Demo City By Versatile Studio/Models/mid_house_4.fbx
  artifactKey: Guid(94222793a7abe614aaf9c43aeb6f4583) Importer(815301076,1909f56bfc062723c751e8b465ee728b)
Start importing Assets/Versatile Studio Assets/Demo City By Versatile Studio/Models/mid_house_4.fbx using Guid(94222793a7abe614aaf9c43aeb6f4583) Importer(815301076,1909f56bfc062723c751e8b465ee728b)  -> (artifact id: 'd47d9134a597927498b5f31e698ac075') in 0.503260 seconds
Number of updated asset objects reloaded before import = 0
Number of asset objects unloaded after import = 20
========================================================================
Received Import Request.
  Time since last request: 0.000027 seconds.
  path: Assets/Versatile Studio Assets/Demo City By Versatile Studio/Prefabs/factory_building_big_bgr.prefab
  artifactKey: Guid(03571863373bf8641ba55aa179965d64) Importer(815301076,1909f56bfc062723c751e8b465ee728b)
Start importing Assets/Versatile Studio Assets/Demo City By Versatile Studio/Prefabs/factory_building_big_bgr.prefab using Guid(03571863373bf8641ba55aa179965d64) Importer(815301076,1909f56bfc062723c751e8b465ee728b)  -> (artifact id: '0df3fa5c1c649bf87b5c58a4780d9087') in 0.361792 seconds
Number of updated asset objects reloaded before import = 0
Number of asset objects unloaded after import = 14
========================================================================
Received Import Request.
  Time since last request: 0.000028 seconds.
  path: Assets/Versatile Studio Assets/Demo City By Versatile Studio/Models/lamp_pole_small.fbx
  artifactKey: Guid(4c8c8ac362caa3842a97f75923d9f36d) Importer(815301076,1909f56bfc062723c751e8b465ee728b)
Start importing Assets/Versatile Studio Assets/Demo City By Versatile Studio/Models/lamp_pole_small.fbx using Guid(4c8c8ac362caa3842a97f75923d9f36d) Importer(815301076,1909f56bfc062723c751e8b465ee728b)  -> (artifact id: 'eca87c4fdfec47c96f9756a40b61c492') in 0.115632 seconds
Number of updated asset objects reloaded before import = 0
Number of asset objects unloaded after import = 11
========================================================================
Received Import Request.
  Time since last request: 0.000020 seconds.
  path: Assets/Versatile Studio Assets/Demo City By Versatile Studio/Prefabs/mid_house_4.prefab
  artifactKey: Guid(841fda1a8336ebd45a80491910c22305) Importer(815301076,1909f56bfc062723c751e8b465ee728b)
Start importing Assets/Versatile Studio Assets/Demo City By Versatile Studio/Prefabs/mid_house_4.prefab using Guid(841fda1a8336ebd45a80491910c22305) Importer(815301076,1909f56bfc062723c751e8b465ee728b)  -> (artifact id: '88dd078d126ff9725857773ba77a3538') in 0.409210 seconds
Number of updated asset objects reloaded before import = 0
Number of asset objects unloaded after import = 26
========================================================================
Received Import Request.
  Time since last request: 0.000031 seconds.
  path: Assets/Versatile Studio Assets/Demo City By Versatile Studio/Models/factory_chimney-stalk.fbx
  artifactKey: Guid(bd90c18828aee314ca349257d59d1542) Importer(815301076,1909f56bfc062723c751e8b465ee728b)
Start importing Assets/Versatile Studio Assets/Demo City By Versatile Studio/Models/factory_chimney-stalk.fbx using Guid(bd90c18828aee314ca349257d59d1542) Importer(815301076,1909f56bfc062723c751e8b465ee728b)  -> (artifact id: 'd96921a8f7cc210769d47688929c2dae') in 0.046555 seconds
Number of updated asset objects reloaded before import = 0
Number of asset objects unloaded after import = 10
========================================================================
Received Import Request.
  Time since last request: 0.000030 seconds.
  path: Assets/Versatile Studio Assets/Demo City By Versatile Studio/Prefabs/bench.prefab
  artifactKey: Guid(e3cdcd01b3ecc3b4da788a3ff03a9e28) Importer(815301076,1909f56bfc062723c751e8b465ee728b)
Start importing Assets/Versatile Studio Assets/Demo City By Versatile Studio/Prefabs/bench.prefab using Guid(e3cdcd01b3ecc3b4da788a3ff03a9e28) Importer(815301076,1909f56bfc062723c751e8b465ee728b)  -> (artifact id: '8f5c1ee9de099409b91c6741f639eeb4') in 0.014525 seconds
Number of updated asset objects reloaded before import = 0
Number of asset objects unloaded after import = 10
========================================================================
Received Import Request.
  Time since last request: 0.000022 seconds.
  path: Assets/Versatile Studio Assets/Demo City By Versatile Studio/Prefabs/lamp_pole_dual_pink.prefab
  artifactKey: Guid(0fe1af71a32bb6a44b4e93b941d82aa5) Importer(815301076,1909f56bfc062723c751e8b465ee728b)
Start importing Assets/Versatile Studio Assets/Demo City By Versatile Studio/Prefabs/lamp_pole_dual_pink.prefab using Guid(0fe1af71a32bb6a44b4e93b941d82aa5) Importer(815301076,1909f56bfc062723c751e8b465ee728b)  -> (artifact id: '16837a73a31645fcd665588ac493d18e') in 0.048605 seconds
Number of updated asset objects reloaded before import = 0
Number of asset objects unloaded after import = 23
========================================================================
Received Import Request.
  Time since last request: 0.000023 seconds.
  path: Assets/Versatile Studio Assets/Demo City By Versatile Studio/Prefabs/concrete_block.prefab
  artifactKey: Guid(7b26d246ced93914e80d1cdf3d152a53) Importer(815301076,1909f56bfc062723c751e8b465ee728b)
Start importing Assets/Versatile Studio Assets/Demo City By Versatile Studio/Prefabs/concrete_block.prefab using Guid(7b26d246ced93914e80d1cdf3d152a53) Importer(815301076,1909f56bfc062723c751e8b465ee728b)  -> (artifact id: '0e4955116a049e2bf3cb35abdd54b9d6') in 0.014692 seconds
Number of updated asset objects reloaded before import = 0
Number of asset objects unloaded after import = 10
========================================================================
Received Import Request.
  Time since last request: 0.000033 seconds.
  path: Assets/Versatile Studio Assets/Demo City By Versatile Studio/Prefabs/factory_chimney-stalk.prefab
  artifactKey: Guid(ff40f4bb80a592a449bd5dc020a38fc0) Importer(815301076,1909f56bfc062723c751e8b465ee728b)
Start importing Assets/Versatile Studio Assets/Demo City By Versatile Studio/Prefabs/factory_chimney-stalk.prefab using Guid(ff40f4bb80a592a449bd5dc020a38fc0) Importer(815301076,1909f56bfc062723c751e8b465ee728b)  -> (artifact id: '1e5d86e09b1cf44bbfafa12087edc3fc') in 0.046907 seconds
Number of updated asset objects reloaded before import = 0
Number of asset objects unloaded after import = 10
========================================================================
Received Import Request.
  Time since last request: 0.000048 seconds.
  path: Assets/Versatile Studio Assets/Demo City By Versatile Studio/Prefabs/demo_city_by_versatile_studio.prefab
  artifactKey: Guid(b64e7a25ece19a147b10b35a23680ac3) Importer(815301076,1909f56bfc062723c751e8b465ee728b)
Start importing Assets/Versatile Studio Assets/Demo City By Versatile Studio/Prefabs/demo_city_by_versatile_studio.prefab using Guid(b64e7a25ece19a147b10b35a23680ac3) Importer(815301076,1909f56bfc062723c751e8b465ee728b)  -> (artifact id: '075d4e6a15a026792d64ada8fa31aa62') in 1.922011 seconds
Number of updated asset objects reloaded before import = 0
Number of asset objects unloaded after import = 659
========================================================================
Received Import Request.
  Time since last request: 0.000037 seconds.
  path: Assets/Versatile Studio Assets/Demo City By Versatile Studio/Prefabs/lamp_pole_single_white.prefab
  artifactKey: Guid(adce9d3aecc806e4291b160d931e27a8) Importer(815301076,1909f56bfc062723c751e8b465ee728b)
Start importing Assets/Versatile Studio Assets/Demo City By Versatile Studio/Prefabs/lamp_pole_single_white.prefab using Guid(adce9d3aecc806e4291b160d931e27a8) Importer(815301076,1909f56bfc062723c751e8b465ee728b)  -> (artifact id: '60aef81c04ab5d992f39df0763c1bd18') in 0.053830 seconds
Number of updated asset objects reloaded before import = 0
Number of asset objects unloaded after import = 17
========================================================================
Received Import Request.
  Time since last request: 0.000044 seconds.
  path: Assets/Versatile Studio Assets/Demo City By Versatile Studio/Prefabs/factory_building_small_bgr.prefab
  artifactKey: Guid(24ad189905c64de479a8a1b241bc7294) Importer(815301076,1909f56bfc062723c751e8b465ee728b)
Start importing Assets/Versatile Studio Assets/Demo City By Versatile Studio/Prefabs/factory_building_small_bgr.prefab using Guid(24ad189905c64de479a8a1b241bc7294) Importer(815301076,1909f56bfc062723c751e8b465ee728b)  -> (artifact id: '688dbb4ca80f34b3efff18bb9c008fb0') in 0.411745 seconds
Number of updated asset objects reloaded before import = 0
Number of asset objects unloaded after import = 14
========================================================================
Received Import Request.
  Time since last request: 0.000028 seconds.
  path: Assets/Versatile Studio Assets/Demo City By Versatile Studio/Models/office_building_3_bgr.fbx
  artifactKey: Guid(7069fc056197abe428a6bb51e2b9a316) Importer(815301076,1909f56bfc062723c751e8b465ee728b)
Start importing Assets/Versatile Studio Assets/Demo City By Versatile Studio/Models/office_building_3_bgr.fbx using Guid(7069fc056197abe428a6bb51e2b9a316) Importer(815301076,1909f56bfc062723c751e8b465ee728b)  -> (artifact id: '220fd07a881d251efaeb7bbfd30ebf21') in 0.137309 seconds
Number of updated asset objects reloaded before import = 0
Number of asset objects unloaded after import = 14
========================================================================
Received Import Request.
  Time since last request: 0.000043 seconds.
  path: Assets/Versatile Studio Assets/Demo City By Versatile Studio/Scenes
  artifactKey: Guid(c382ad74842c1d0488df8379aceeb22a) Importer(815301076,1909f56bfc062723c751e8b465ee728b)
Start importing Assets/Versatile Studio Assets/Demo City By Versatile Studio/Scenes using Guid(c382ad74842c1d0488df8379aceeb22a) Importer(815301076,1909f56bfc062723c751e8b465ee728b)  -> (artifact id: '21a208cbbd7a9a2d00092ce002ea33df') in 0.004781 seconds
Number of updated asset objects reloaded before import = 0
Number of asset objects unloaded after import = 0
========================================================================
Received Import Request.
  Time since last request: 0.000074 seconds.
  path: Assets/Versatile Studio Assets/Demo City By Versatile Studio/Models/mid_house_2.fbx
  artifactKey: Guid(f18a1081a90bda245bdebd580e41d8b7) Importer(815301076,1909f56bfc062723c751e8b465ee728b)
Start importing Assets/Versatile Studio Assets/Demo City By Versatile Studio/Models/mid_house_2.fbx using Guid(f18a1081a90bda245bdebd580e41d8b7) Importer(815301076,1909f56bfc062723c751e8b465ee728b)  -> (artifact id: 'e3599812a1952f8355446a9ab60d4dee') in 0.576860 seconds
Number of updated asset objects reloaded before import = 0
Number of asset objects unloaded after import = 20
========================================================================
Received Import Request.
  Time since last request: 0.000031 seconds.
  path: Assets/Versatile Studio Assets/Demo City By Versatile Studio/Prefabs/building_lamp_white.prefab
  artifactKey: Guid(7d91f14371d9d0340bb71a07cdd260de) Importer(815301076,1909f56bfc062723c751e8b465ee728b)
Start importing Assets/Versatile Studio Assets/Demo City By Versatile Studio/Prefabs/building_lamp_white.prefab using Guid(7d91f14371d9d0340bb71a07cdd260de) Importer(815301076,1909f56bfc062723c751e8b465ee728b)  -> (artifact id: '8921f4a0cfbccb453a705a82be7863fa') in 0.065023 seconds
Number of updated asset objects reloaded before import = 0
Number of asset objects unloaded after import = 14
========================================================================
Received Import Request.
  Time since last request: 0.000030 seconds.
  path: Assets/Versatile Studio Assets/Demo City By Versatile Studio/Models/factory_building_small.fbx
  artifactKey: Guid(3a9b28f17b9756a47859500720485dfd) Importer(815301076,1909f56bfc062723c751e8b465ee728b)
Start importing Assets/Versatile Studio Assets/Demo City By Versatile Studio/Models/factory_building_small.fbx using Guid(3a9b28f17b9756a47859500720485dfd) Importer(815301076,1909f56bfc062723c751e8b465ee728b)  -> (artifact id: 'aed8ecec73afa727b45589ff886545c7') in 1.047893 seconds
Number of updated asset objects reloaded before import = 0
Number of asset objects unloaded after import = 24
========================================================================
Received Import Request.
  Time since last request: 0.000025 seconds.
  path: Assets/Versatile Studio Assets/Demo City By Versatile Studio/Prefabs/mid_house_1.prefab
  artifactKey: Guid(a2dd7ebabc38532429e0b24b1e4b2207) Importer(815301076,1909f56bfc062723c751e8b465ee728b)
Start importing Assets/Versatile Studio Assets/Demo City By Versatile Studio/Prefabs/mid_house_1.prefab using Guid(a2dd7ebabc38532429e0b24b1e4b2207) Importer(815301076,1909f56bfc062723c751e8b465ee728b)  -> (artifact id: '46601083866139c5e9ecf80c02e09067') in 0.504178 seconds
Number of updated asset objects reloaded before import = 0
Number of asset objects unloaded after import = 26
========================================================================
Received Import Request.
  Time since last request: 0.000031 seconds.
  path: Assets/Versatile Studio Assets/Demo City By Versatile Studio/Prefabs
  artifactKey: Guid(21debe0e76f139d41a718487ccd5d4d3) Importer(815301076,1909f56bfc062723c751e8b465ee728b)
Start importing Assets/Versatile Studio Assets/Demo City By Versatile Studio/Prefabs using Guid(21debe0e76f139d41a718487ccd5d4d3) Importer(815301076,1909f56bfc062723c751e8b465ee728b)  -> (artifact id: '17ebdc41be46e99795eaed3220836789') in 0.000505 seconds
Number of updated asset objects reloaded before import = 0
Number of asset objects unloaded after import = 0
========================================================================
Received Import Request.
  Time since last request: 5.189663 seconds.
  path: Assets/Versatile Studio Assets/Demo City By Versatile Studio/Scenes/SkyBox
  artifactKey: Guid(c1fc4a58f179c3c4d838938eb67849d5) Importer(815301076,1909f56bfc062723c751e8b465ee728b)
Start importing Assets/Versatile Studio Assets/Demo City By Versatile Studio/Scenes/SkyBox using Guid(c1fc4a58f179c3c4d838938eb67849d5) Importer(815301076,1909f56bfc062723c751e8b465ee728b)  -> (artifact id: '1a86aecef723f52cfa73007edecf9fa7') in 0.000471 seconds
Number of updated asset objects reloaded before import = 0
Number of asset objects unloaded after import = 0
========================================================================
Received Import Request.
  Time since last request: 10.604907 seconds.
  path: Assets/Resources
  artifactKey: Guid(c2d0de0f82347f24d8806d38ca058662) Importer(815301076,1909f56bfc062723c751e8b465ee728b)
Start importing Assets/Resources using Guid(c2d0de0f82347f24d8806d38ca058662) Importer(815301076,1909f56bfc062723c751e8b465ee728b)  -> (artifact id: 'e74a5203ee793409aabadaa28bc25887') in 0.000472 seconds
Number of updated asset objects reloaded before import = 0
Number of asset objects unloaded after import = 0
========================================================================
Received Import Request.
  Time since last request: 1.705496 seconds.
  path: Assets/PolyStang
  artifactKey: Guid(2193898e5133356488fc3a53f3ef57ca) Importer(815301076,1909f56bfc062723c751e8b465ee728b)
Start importing Assets/PolyStang using Guid(2193898e5133356488fc3a53f3ef57ca) Importer(815301076,1909f56bfc062723c751e8b465ee728b)  -> (artifact id: '7adc592ce7b2bae7f399249a278dd547') in 0.000440 seconds
Number of updated asset objects reloaded before import = 0
Number of asset objects unloaded after import = 0
========================================================================
Received Import Request.
  Time since last request: 1.478670 seconds.
  path: Assets/PolyStang/Materials
  artifactKey: Guid(339649db3105c614291e7c2c19465bf3) Importer(815301076,1909f56bfc062723c751e8b465ee728b)
Start importing Assets/PolyStang/Materials using Guid(339649db3105c614291e7c2c19465bf3) Importer(815301076,1909f56bfc062723c751e8b465ee728b)  -> (artifact id: '38d4e9e73450c5aff46dad471eabdca9') in 0.000638 seconds
Number of updated asset objects reloaded before import = 0
Number of asset objects unloaded after import = 0
========================================================================
Received Import Request.
  Time since last request: 0.755453 seconds.
  path: Assets/PolyStang/Materials/PolyStangs
  artifactKey: Guid(a0297b17f3640ff47a1e82e62e82e6ac) Importer(815301076,1909f56bfc062723c751e8b465ee728b)
Start importing Assets/PolyStang/Materials/PolyStangs using Guid(a0297b17f3640ff47a1e82e62e82e6ac) Importer(815301076,1909f56bfc062723c751e8b465ee728b)  -> (artifact id: '7e65e5e056a02f152e630660600a3926') in 0.000503 seconds
Number of updated asset objects reloaded before import = 0
Number of asset objects unloaded after import = 0
========================================================================
Received Import Request.
  Time since last request: 0.585245 seconds.
  path: Assets/PolyStang/Materials/PolyStangs/CustomStang
  artifactKey: Guid(1fed6972e999c2546839b2d640684a98) Importer(815301076,1909f56bfc062723c751e8b465ee728b)
Start importing Assets/PolyStang/Materials/PolyStangs/CustomStang using Guid(1fed6972e999c2546839b2d640684a98) Importer(815301076,1909f56bfc062723c751e8b465ee728b)  -> (artifact id: '3bc06799a3e5f8967bebbe9152dac1a3') in 0.000489 seconds
Number of updated asset objects reloaded before import = 0
Number of asset objects unloaded after import = 0
========================================================================
Received Import Request.
  Time since last request: 2.749443 seconds.
  path: Assets/PolyStang/Materials/PolyStangs/Details
  artifactKey: Guid(6326abf1367427945ae6da065c1f46df) Importer(815301076,1909f56bfc062723c751e8b465ee728b)
Start importing Assets/PolyStang/Materials/PolyStangs/Details using Guid(6326abf1367427945ae6da065c1f46df) Importer(815301076,1909f56bfc062723c751e8b465ee728b)  -> (artifact id: 'e971fd92f0581b7a50457984c11921a2') in 0.000566 seconds
Number of updated asset objects reloaded before import = 0
Number of asset objects unloaded after import = 0
========================================================================
Received Import Request.
  Time since last request: 8.816164 seconds.
  path: Assets/Scenes/Level1.unity
  artifactKey: Guid(16683ad8828276d42b9db4ba3ad32cf4) Importer(815301076,1909f56bfc062723c751e8b465ee728b)
Start importing Assets/Scenes/Level1.unity using Guid(16683ad8828276d42b9db4ba3ad32cf4) Importer(815301076,1909f56bfc062723c751e8b465ee728b)  -> (artifact id: 'ce39ffc04902eedda155a0a78f6e2393') in 0.000491 seconds
Number of updated asset objects reloaded before import = 0
Number of asset objects unloaded after import = 0
========================================================================
Received Import Request.
  Time since last request: 12.069891 seconds.
  path: Assets/PolyStang/Models
  artifactKey: Guid(bed5ecf9047206c449ae047a95d0f86e) Importer(815301076,1909f56bfc062723c751e8b465ee728b)
Start importing Assets/PolyStang/Models using Guid(bed5ecf9047206c449ae047a95d0f86e) Importer(815301076,1909f56bfc062723c751e8b465ee728b)  -> (artifact id: '886cd7d4ba5034cdec25c4d26e7ca124') in 0.000567 seconds
Number of updated asset objects reloaded before import = 0
Number of asset objects unloaded after import = 0
========================================================================
Received Import Request.
  Time since last request: 0.037296 seconds.
  path: Assets/PolyStang/Models/mustang.fbx
  artifactKey: Guid(6dbb1ecb02730dc48a13c14c2d5d2b52) Importer(815301076,1909f56bfc062723c751e8b465ee728b)
Start importing Assets/PolyStang/Models/mustang.fbx using Guid(6dbb1ecb02730dc48a13c14c2d5d2b52) Importer(815301076,1909f56bfc062723c751e8b465ee728b)  -> (artifact id: 'b7387ea19ccce28fb6eb2fabde2eaf43') in 0.051544 seconds
Number of updated asset objects reloaded before import = 0
Number of asset objects unloaded after import = 31
========================================================================
Received Import Request.
  Time since last request: 11.070110 seconds.
  path: Assets/PolyStang/Prefabs
  artifactKey: Guid(37c9ca40ea85e2f4daa06a767f7929ca) Importer(815301076,1909f56bfc062723c751e8b465ee728b)
Start importing Assets/PolyStang/Prefabs using Guid(37c9ca40ea85e2f4daa06a767f7929ca) Importer(815301076,1909f56bfc062723c751e8b465ee728b)  -> (artifact id: 'dafa9eafcb993b8de407cd8e94e1cb07') in 0.001945 seconds
Number of updated asset objects reloaded before import = 0
Number of asset objects unloaded after import = 0
========================================================================
Received Import Request.
  Time since last request: 0.034581 seconds.
  path: Assets/PolyStang/Prefabs/CustomStang.prefab
  artifactKey: Guid(5a33a7cb6837b0649954ba1f0c912c3d) Importer(815301076,1909f56bfc062723c751e8b465ee728b)
Start importing Assets/PolyStang/Prefabs/CustomStang.prefab using Guid(5a33a7cb6837b0649954ba1f0c912c3d) Importer(815301076,1909f56bfc062723c751e8b465ee728b) Refreshing native plugins compatible for Editor in 6.47 ms, found 3 plugins.
Preloading 0 native plugins for Editor in 0.00 ms.
 -> (artifact id: '1bb07a1e71b4147f935d98380149f81c') in 0.151937 seconds
Number of updated asset objects reloaded before import = 0
Number of asset objects unloaded after import = 770
========================================================================
Received Import Request.
  Time since last request: 0.000033 seconds.
  path: Assets/PolyStang/Prefabs/PolyStang_2.prefab
  artifactKey: Guid(3f71a0d4093c0bb4297e498c52e8af2b) Importer(815301076,1909f56bfc062723c751e8b465ee728b)
Start importing Assets/PolyStang/Prefabs/PolyStang_2.prefab using Guid(3f71a0d4093c0bb4297e498c52e8af2b) Importer(815301076,1909f56bfc062723c751e8b465ee728b) Refreshing native plugins compatible for Editor in 7.16 ms, found 3 plugins.
Preloading 0 native plugins for Editor in 0.00 ms.
 -> (artifact id: 'bca6eb42c293057435cba6609f67c331') in 0.058148 seconds
Number of updated asset objects reloaded before import = 0
Number of asset objects unloaded after import = 394
========================================================================
Received Import Request.
  Time since last request: 32.292561 seconds.
  path: Assets/PolyStang/Materials/StreetLights
  artifactKey: Guid(7003b52ee4cefd7488fcb69df2e766f9) Importer(815301076,1909f56bfc062723c751e8b465ee728b)
Start importing Assets/PolyStang/Materials/StreetLights using Guid(7003b52ee4cefd7488fcb69df2e766f9) Importer(815301076,1909f56bfc062723c751e8b465ee728b)  -> (artifact id: '494b6d7fae575c3e03624e5183338cfb') in 0.000768 seconds
Number of updated asset objects reloaded before import = 0
Number of asset objects unloaded after import = 0
========================================================================
Received Import Request.
  Time since last request: 0.061126 seconds.
  path: Assets/PolyStang/Materials/StreetLights/BrightLight 1.mat
  artifactKey: Guid(569752f0b46cc9340a6d4deb105af5ab) Importer(815301076,1909f56bfc062723c751e8b465ee728b)
Start importing Assets/PolyStang/Materials/StreetLights/BrightLight 1.mat using Guid(569752f0b46cc9340a6d4deb105af5ab) Importer(815301076,1909f56bfc062723c751e8b465ee728b)  -> (artifact id: '46a607d223ae533059fc2b20c43e3733') in 0.007454 seconds
Number of updated asset objects reloaded before import = 0
Number of asset objects unloaded after import = 1
========================================================================
Received Import Request.
  Time since last request: 3.219820 seconds.
  path: Assets/PolyStang/ThirdParties
  artifactKey: Guid(97d448cc675a1e64781a914955b22d46) Importer(815301076,1909f56bfc062723c751e8b465ee728b)
Start importing Assets/PolyStang/ThirdParties using Guid(97d448cc675a1e64781a914955b22d46) Importer(815301076,1909f56bfc062723c751e8b465ee728b)  -> (artifact id: '825aedf23ea142eef2b99323715ca934') in 0.000454 seconds
Number of updated asset objects reloaded before import = 0
Number of asset objects unloaded after import = 0
========================================================================
Received Import Request.
  Time since last request: 0.942557 seconds.
  path: Assets/PolyStang/ThirdParties/TextMesh Pro
  artifactKey: Guid(f54d1bd14bd3ca042bd867b519fee8cc) Importer(815301076,1909f56bfc062723c751e8b465ee728b)
Start importing Assets/PolyStang/ThirdParties/TextMesh Pro using Guid(f54d1bd14bd3ca042bd867b519fee8cc) Importer(815301076,1909f56bfc062723c751e8b465ee728b)  -> (artifact id: '30796653c4dfc1f2480bca9d8b60487c') in 0.000419 seconds
Number of updated asset objects reloaded before import = 0
Number of asset objects unloaded after import = 0
========================================================================
Received Import Request.
  Time since last request: 0.610510 seconds.
  path: Assets/PolyStang/ThirdParties/TextMesh Pro/Documentation
  artifactKey: Guid(8e7e8f5a82a3a134e91c54efd2274ea9) Importer(815301076,1909f56bfc062723c751e8b465ee728b)
Start importing Assets/PolyStang/ThirdParties/TextMesh Pro/Documentation using Guid(8e7e8f5a82a3a134e91c54efd2274ea9) Importer(815301076,1909f56bfc062723c751e8b465ee728b)  -> (artifact id: '1284b6d9112892823920c4a518038a02') in 0.000556 seconds
Number of updated asset objects reloaded before import = 0
Number of asset objects unloaded after import = 0
========================================================================
Received Import Request.
  Time since last request: 2.012221 seconds.
  path: Assets/PolyStang/ThirdParties/TextMesh Pro/Fonts
  artifactKey: Guid(6ab70aee4d56447429c680537fbf93ed) Importer(815301076,1909f56bfc062723c751e8b465ee728b)
Start importing Assets/PolyStang/ThirdParties/TextMesh Pro/Fonts using Guid(6ab70aee4d56447429c680537fbf93ed) Importer(815301076,1909f56bfc062723c751e8b465ee728b)  -> (artifact id: '25524e152126d39616bdb6d7e34b8aa6') in 0.000504 seconds
Number of updated asset objects reloaded before import = 0
Number of asset objects unloaded after import = 0
========================================================================
Received Import Request.
  Time since last request: 0.056103 seconds.
  path: Assets/PolyStang/ThirdParties/TextMesh Pro/Fonts/LiberationSans.ttf
  artifactKey: Guid(e3265ab4bf004d28a9537516768c1c75) Importer(815301076,1909f56bfc062723c751e8b465ee728b)
Start importing Assets/PolyStang/ThirdParties/TextMesh Pro/Fonts/LiberationSans.ttf using Guid(e3265ab4bf004d28a9537516768c1c75) Importer(815301076,1909f56bfc062723c751e8b465ee728b)  -> (artifact id: 'b5a3964a1b7618d5371190fdddfd2491') in 0.034112 seconds
Number of updated asset objects reloaded before import = 0
Number of asset objects unloaded after import = 4
========================================================================
Received Import Request.
  Time since last request: 7.519740 seconds.
  path: Assets/PolyStang/Sounds
  artifactKey: Guid(c4597d69d902fee4e93332733cc7cb5b) Importer(815301076,1909f56bfc062723c751e8b465ee728b)
Start importing Assets/PolyStang/Sounds using Guid(c4597d69d902fee4e93332733cc7cb5b) Importer(815301076,1909f56bfc062723c751e8b465ee728b)  -> (artifact id: '1d300756d1bc52a99a48f96f0e07a85c') in 0.000871 seconds
Number of updated asset objects reloaded before import = 0
Number of asset objects unloaded after import = 0
========================================================================
Received Import Request.
  Time since last request: 0.036835 seconds.
  path: Assets/PolyStang/Sounds/EngineSound.wav
  artifactKey: Guid(936bf151add95ea4fbd98fecd83943c5) Importer(815301076,1909f56bfc062723c751e8b465ee728b)
Start importing Assets/PolyStang/Sounds/EngineSound.wav using Guid(936bf151add95ea4fbd98fecd83943c5) Importer(815301076,1909f56bfc062723c751e8b465ee728b)  -> (artifact id: '48bf8fb0f34248eb1dfd4a660db1ea99') in 0.051931 seconds
Number of updated asset objects reloaded before import = 0
Number of asset objects unloaded after import = 2
========================================================================
Received Import Request.
  Time since last request: 26.835683 seconds.
  path: Assets/PolyStang/Scripts
  artifactKey: Guid(5c56812cd2eaefa4386c882d0c21e2cb) Importer(815301076,1909f56bfc062723c751e8b465ee728b)
Start importing Assets/PolyStang/Scripts using Guid(5c56812cd2eaefa4386c882d0c21e2cb) Importer(815301076,1909f56bfc062723c751e8b465ee728b)  -> (artifact id: '79bfb335be71103efae727ddc0b61786') in 0.000454 seconds
Number of updated asset objects reloaded before import = 0
Number of asset objects unloaded after import = 0
========================================================================
Received Import Request.
  Time since last request: 3.016564 seconds.
  path: Assets/PolyStang/Scripts/CarSounds.cs
  artifactKey: Guid(9f17f30c6c43f15409ddb223d1fe1fba) Importer(815301076,1909f56bfc062723c751e8b465ee728b)
Start importing Assets/PolyStang/Scripts/CarSounds.cs using Guid(9f17f30c6c43f15409ddb223d1fe1fba) Importer(815301076,1909f56bfc062723c751e8b465ee728b)  -> (artifact id: '669a79ec64bb2a238129f6df952d0c64') in 0.000453 seconds
Number of updated asset objects reloaded before import = 0
Number of asset objects unloaded after import = 0
========================================================================
Received Import Request.
  Time since last request: 7.447819 seconds.
  path: Assets/PolyStang/Scripts/CarLights.cs
  artifactKey: Guid(cf25596acbdfae44abef1af882bb3d5a) Importer(815301076,1909f56bfc062723c751e8b465ee728b)
Start importing Assets/PolyStang/Scripts/CarLights.cs using Guid(cf25596acbdfae44abef1af882bb3d5a) Importer(815301076,1909f56bfc062723c751e8b465ee728b)  -> (artifact id: '5b288deed91d157f0bdce8e6879fdab7') in 0.000520 seconds
Number of updated asset objects reloaded before import = 0
Number of asset objects unloaded after import = 0
========================================================================
Received Import Request.
  Time since last request: 0.053057 seconds.
  path: Assets/PolyStang/Scripts/CarController.cs
  artifactKey: Guid(cbbfc52a303950340922ce4555a6401c) Importer(815301076,1909f56bfc062723c751e8b465ee728b)
Start importing Assets/PolyStang/Scripts/CarController.cs using Guid(cbbfc52a303950340922ce4555a6401c) Importer(815301076,1909f56bfc062723c751e8b465ee728b)  -> (artifact id: '3bab4797a5a2f1b0be405eda056c97a3') in 0.000412 seconds
Number of updated asset objects reloaded before import = 0
Number of asset objects unloaded after import = 0
========================================================================
Received Prepare
Begin MonoManager ReloadAssembly
Symbol file LoadedFromMemory is not a mono symbol file
- Loaded All Assemblies, in  0.764 seconds
Refreshing native plugins compatible for Editor in 7.62 ms, found 3 plugins.
Native extension for WindowsStandalone target not found
Native extension for Android target not found
Native extension for WebGL target not found
[Package Manager] Server::EnsureServerProcessIsRunning -- launch failed, reason: Unity was launched with the -noUpm command-line argument
[Package Manager] UpmClient::Send -- Unable to send message (not connected to UPM process).
[Package Manager] Cannot connect to Unity Package Manager local server
Mono: successfully reloaded assembly
- Finished resetting the current domain, in  1.207 seconds
Domain Reload Profiling: 1969ms
	BeginReloadAssembly (217ms)
		ExecutionOrderSort (0ms)
		DisableScriptedObjects (8ms)
		BackupInstance (0ms)
		ReleaseScriptingObjects (0ms)
		CreateAndSetChildDomain (59ms)
	RebuildCommonClasses (45ms)
	RebuildNativeTypeToScriptingClass (21ms)
	initialDomainReloadingComplete (46ms)
	LoadAllAssembliesAndSetupDomain (433ms)
		LoadAssemblies (504ms)
		RebuildTransferFunctionScriptingTraits (0ms)
		AnalyzeDomain (39ms)
			TypeCache.Refresh (17ms)
				TypeCache.ScanAssembly (0ms)
			ScanForSourceGeneratedMonoScriptInfo (10ms)
			ResolveRequiredComponents (10ms)
	FinalizeReload (1208ms)
		ReleaseScriptCaches (0ms)
		RebuildScriptCaches (0ms)
		SetupLoadedEditorAssemblies (880ms)
			LogAssemblyErrors (0ms)
			InitializePlatformSupportModulesInManaged (36ms)
			SetLoadedEditorAssemblies (8ms)
			RefreshPlugins (0ms)
			BeforeProcessingInitializeOnLoad (157ms)
			ProcessInitializeOnLoadAttributes (461ms)
			ProcessInitializeOnLoadMethodAttributes (210ms)
			AfterProcessingInitializeOnLoad (8ms)
			EditorAssembliesLoaded (1ms)
		ExecutionOrderSort2 (0ms)
		AwakeInstancesAfterBackupRestoration (8ms)
Failed to load shader (instanceID 25832, GUID 9c442dc870b456e48b615cd8add0e9ef)
Failed to load shader (instanceID 25834, GUID 493b79ea9c9be44ed8b702014d3ac49c)
Refreshing native plugins compatible for Editor in 5.34 ms, found 3 plugins.
Preloading 0 native plugins for Editor in 0.00 ms.
Unloading 1714 Unused Serialized files (Serialized files now loaded: 0)
Unloading 65 unused Assets / (2.8 MB). Loaded Objects now: 2245.
Memory consumption went from 119.7 MB to 116.9 MB.
Total: 8.274600 ms (FindLiveObjects: 0.169300 ms CreateObjectMapping: 0.098100 ms MarkObjects: 7.309600 ms  DeleteObjects: 0.696300 ms)

Prepare: number of updated asset objects reloaded= 0
AssetImportParameters requested are different than current active one (requested -> active):
  custom:container-demuxer-ogg: 62fdf1f143b41e24485cea50d1cbac27 -> 
  custom:video-codec-MediaFoundation-h265: 746d11721c4dcdbdad8f713fa42b33f4 -> 
  custom:video-decoder-ogg-theora: a1e56fd34408186e4bbccfd4996cb3dc -> 
  custom:framework-win-MediaFoundation: 216162199b28c13a410421893ffa2e32 -> 
  custom:CustomObjectIndexerAttribute: 6d391050e5a25f67b0a2c618074f2cd9 -> 
  custom:container-demuxer-webm: 4f35f7cbe854078d1ac9338744f61a02 -> 
  custom:container-muxer-webm: aa71ff27fc2769a1b78a27578f13a17b -> 
  custom:video-decoder-webm-vp8: 9c59270c3fd7afecdb556c50c9e8de78 -> 
  custom:SearchIndexIgnoredProperties: e643bd26f0fe6173181afceb89e7c659 -> 
  custom:AudioImporter_EditorPlatform: d09bf68614088b80899f8185d706f6e7 -> 
  custom:video-encoder-webm-vp8: eb34c28f22e8b96e1ab97ce403110664 -> 
  custom:audio-decoder-ogg-vorbis: bf7c407c2cedff20999df2af8eb42d56 -> 
  custom:audio-encoder-webm-vorbis: bf7c407c2cedff20999df2af8eb42d56 -> 
========================================================================
Received Import Request.
  Time since last request: 16.574787 seconds.
  path: Assets/Script
  artifactKey: Guid(690106eaf8d64a242af01864f8ebc510) Importer(815301076,1909f56bfc062723c751e8b465ee728b)
Start importing Assets/Script using Guid(690106eaf8d64a242af01864f8ebc510) Importer(815301076,1909f56bfc062723c751e8b465ee728b)  -> (artifact id: '84534e753863e1d27c31b38372b40e98') in 0.002200 seconds
Number of updated asset objects reloaded before import = 0
Number of asset objects unloaded after import = 0
========================================================================
Received Prepare
Begin MonoManager ReloadAssembly
Symbol file LoadedFromMemory is not a mono symbol file
- Loaded All Assemblies, in  0.764 seconds
Refreshing native plugins compatible for Editor in 5.87 ms, found 3 plugins.
Native extension for WindowsStandalone target not found
Native extension for Android target not found
Native extension for WebGL target not found
[Package Manager] Server::EnsureServerProcessIsRunning -- launch failed, reason: Unity was launched with the -noUpm command-line argument
[Package Manager] UpmClient::Send -- Unable to send message (not connected to UPM process).
[Package Manager] Cannot connect to Unity Package Manager local server
Mono: successfully reloaded assembly
- Finished resetting the current domain, in  1.254 seconds
Domain Reload Profiling: 2014ms
	BeginReloadAssembly (237ms)
		ExecutionOrderSort (0ms)
		DisableScriptedObjects (9ms)
		BackupInstance (0ms)
		ReleaseScriptingObjects (0ms)
		CreateAndSetChildDomain (59ms)
	RebuildCommonClasses (47ms)
	RebuildNativeTypeToScriptingClass (17ms)
	initialDomainReloadingComplete (55ms)
	LoadAllAssembliesAndSetupDomain (403ms)
		LoadAssemblies (504ms)
		RebuildTransferFunctionScriptingTraits (0ms)
		AnalyzeDomain (32ms)
			TypeCache.Refresh (13ms)
				TypeCache.ScanAssembly (0ms)
			ScanForSourceGeneratedMonoScriptInfo (9ms)
			ResolveRequiredComponents (9ms)
	FinalizeReload (1254ms)
		ReleaseScriptCaches (0ms)
		RebuildScriptCaches (0ms)
		SetupLoadedEditorAssemblies (943ms)
			LogAssemblyErrors (0ms)
			InitializePlatformSupportModulesInManaged (42ms)
			SetLoadedEditorAssemblies (9ms)
			RefreshPlugins (0ms)
			BeforeProcessingInitializeOnLoad (174ms)
			ProcessInitializeOnLoadAttributes (503ms)
			ProcessInitializeOnLoadMethodAttributes (205ms)
			AfterProcessingInitializeOnLoad (11ms)
			EditorAssembliesLoaded (1ms)
		ExecutionOrderSort2 (0ms)
		AwakeInstancesAfterBackupRestoration (9ms)
Failed to load shader (instanceID 25832, GUID 9c442dc870b456e48b615cd8add0e9ef)
Failed to load shader (instanceID 25834, GUID 493b79ea9c9be44ed8b702014d3ac49c)
Refreshing native plugins compatible for Editor in 6.36 ms, found 3 plugins.
Preloading 0 native plugins for Editor in 0.00 ms.
Unloading 1716 Unused Serialized files (Serialized files now loaded: 0)
Unloading 61 unused Assets / (2.8 MB). Loaded Objects now: 2262.
Memory consumption went from 121.7 MB to 118.9 MB.
Total: 7.616200 ms (FindLiveObjects: 0.217500 ms CreateObjectMapping: 0.105300 ms MarkObjects: 6.592400 ms  DeleteObjects: 0.699300 ms)

Prepare: number of updated asset objects reloaded= 0
AssetImportParameters requested are different than current active one (requested -> active):
  custom:container-demuxer-ogg: 62fdf1f143b41e24485cea50d1cbac27 -> 
  custom:video-codec-MediaFoundation-h265: 746d11721c4dcdbdad8f713fa42b33f4 -> 
  custom:video-decoder-ogg-theora: a1e56fd34408186e4bbccfd4996cb3dc -> 
  custom:framework-win-MediaFoundation: 216162199b28c13a410421893ffa2e32 -> 
  custom:CustomObjectIndexerAttribute: 6d391050e5a25f67b0a2c618074f2cd9 -> 
  custom:container-demuxer-webm: 4f35f7cbe854078d1ac9338744f61a02 -> 
  custom:container-muxer-webm: aa71ff27fc2769a1b78a27578f13a17b -> 
  custom:video-decoder-webm-vp8: 9c59270c3fd7afecdb556c50c9e8de78 -> 
  custom:SearchIndexIgnoredProperties: e643bd26f0fe6173181afceb89e7c659 -> 
  custom:AudioImporter_EditorPlatform: d09bf68614088b80899f8185d706f6e7 -> 
  custom:video-encoder-webm-vp8: eb34c28f22e8b96e1ab97ce403110664 -> 
  custom:audio-decoder-ogg-vorbis: bf7c407c2cedff20999df2af8eb42d56 -> 
  custom:audio-encoder-webm-vorbis: bf7c407c2cedff20999df2af8eb42d56 -> 
========================================================================
Received Import Request.
  Time since last request: 45.443664 seconds.
  path: Assets/Image
  artifactKey: Guid(6538b85d96bfd944a87cd31c23c7e7c4) Importer(815301076,1909f56bfc062723c751e8b465ee728b)
Start importing Assets/Image using Guid(6538b85d96bfd944a87cd31c23c7e7c4) Importer(815301076,1909f56bfc062723c751e8b465ee728b)  -> (artifact id: '7560ee4370e7879f00d059c63f2db50e') in 0.001961 seconds
Number of updated asset objects reloaded before import = 0
Number of asset objects unloaded after import = 0
========================================================================
Received Import Request.
  Time since last request: 0.609124 seconds.
  path: Assets/Image/PLayer/Ch15_nonPBR.fbx
  artifactKey: Guid(61e1a4ebef866b94fa31de53eee6877e) Importer(815301076,1909f56bfc062723c751e8b465ee728b)
Start importing Assets/Image/PLayer/Ch15_nonPBR.fbx using Guid(61e1a4ebef866b94fa31de53eee6877e) Importer(815301076,1909f56bfc062723c751e8b465ee728b)  -> (artifact id: '3fa1557c369c75a1e066f58bc6be609b') in 0.810735 seconds
Number of updated asset objects reloaded before import = 0
Number of asset objects unloaded after import = 146
========================================================================
Received Import Request.
  Time since last request: 5.753015 seconds.
  path: Assets/PolyStang/Materials/Props
  artifactKey: Guid(2ab3e6a1805155c4d92e4f8b12c06298) Importer(815301076,1909f56bfc062723c751e8b465ee728b)
Start importing Assets/PolyStang/Materials/Props using Guid(2ab3e6a1805155c4d92e4f8b12c06298) Importer(815301076,1909f56bfc062723c751e8b465ee728b)  -> (artifact id: 'aef2a14ba0fb1c7b51804a6382ca47df') in 0.002439 seconds
Number of updated asset objects reloaded before import = 0
Number of asset objects unloaded after import = 0
========================================================================
Received Import Request.
  Time since last request: 0.034755 seconds.
  path: Assets/PolyStang/Materials/Props/BarrierRed 1.mat
  artifactKey: Guid(7708427aadd31dd43a383bb0ad65961d) Importer(815301076,1909f56bfc062723c751e8b465ee728b)
Start importing Assets/PolyStang/Materials/Props/BarrierRed 1.mat using Guid(7708427aadd31dd43a383bb0ad65961d) Importer(815301076,1909f56bfc062723c751e8b465ee728b)  -> (artifact id: 'dc18cc6afa1fb432005369d5e7add757') in 0.020421 seconds
Number of updated asset objects reloaded before import = 0
Number of asset objects unloaded after import = 1
========================================================================
Received Import Request.
  Time since last request: 0.000015 seconds.
  path: Assets/PolyStang/Materials/Props/CargoCarrier 1.mat
  artifactKey: Guid(1b460533414dc394bb935a3069c0f929) Importer(815301076,1909f56bfc062723c751e8b465ee728b)
Start importing Assets/PolyStang/Materials/Props/CargoCarrier 1.mat using Guid(1b460533414dc394bb935a3069c0f929) Importer(815301076,1909f56bfc062723c751e8b465ee728b)  -> (artifact id: '17818c65cc312aa34a07e80add27084f') in 0.007410 seconds
Number of updated asset objects reloaded before import = 0
Number of asset objects unloaded after import = 1
========================================================================
Received Import Request.
  Time since last request: 0.000076 seconds.
  path: Assets/PolyStang/Materials/Props/CargoCarrier2.mat
  artifactKey: Guid(a2e8aad89abfba04ea79800e4a954bce) Importer(815301076,1909f56bfc062723c751e8b465ee728b)
Start importing Assets/PolyStang/Materials/Props/CargoCarrier2.mat using Guid(a2e8aad89abfba04ea79800e4a954bce) Importer(815301076,1909f56bfc062723c751e8b465ee728b)  -> (artifact id: 'b9b098520046b871f252fef6330141a3') in 0.006973 seconds
Number of updated asset objects reloaded before import = 0
Number of asset objects unloaded after import = 1
========================================================================
Received Import Request.
  Time since last request: 5.588042 seconds.
  path: Assets/PolyStang/Prefabs/CustomStang.prefab
  artifactKey: Guid(5a33a7cb6837b0649954ba1f0c912c3d) Importer(815301076,1909f56bfc062723c751e8b465ee728b)
Start importing Assets/PolyStang/Prefabs/CustomStang.prefab using Guid(5a33a7cb6837b0649954ba1f0c912c3d) Importer(815301076,1909f56bfc062723c751e8b465ee728b)  -> (artifact id: 'e33bea8778a58be1cdebf304220c97c5') in 0.047882 seconds
Number of updated asset objects reloaded before import = 0
Number of asset objects unloaded after import = 766
========================================================================
Received Import Request.
  Time since last request: 0.000025 seconds.
  path: Assets/PolyStang/Prefabs/PolyStang_2.prefab
  artifactKey: Guid(3f71a0d4093c0bb4297e498c52e8af2b) Importer(815301076,1909f56bfc062723c751e8b465ee728b)
Start importing Assets/PolyStang/Prefabs/PolyStang_2.prefab using Guid(3f71a0d4093c0bb4297e498c52e8af2b) Importer(815301076,1909f56bfc062723c751e8b465ee728b)  -> (artifact id: 'ef7be91bb86341dce0c318272dcbfbd7') in 0.028404 seconds
Number of updated asset objects reloaded before import = 0
Number of asset objects unloaded after import = 390
========================================================================
Received Import Request.
  Time since last request: 1.692187 seconds.
  path: Assets/PolyStang/Prefabs/Props
  artifactKey: Guid(884377d4a62f6034aa0978c9e6618bed) Importer(815301076,1909f56bfc062723c751e8b465ee728b)
Start importing Assets/PolyStang/Prefabs/Props using Guid(884377d4a62f6034aa0978c9e6618bed) Importer(815301076,1909f56bfc062723c751e8b465ee728b)  -> (artifact id: '493b8a4e6b9909a7e9f582a6cb2c653c') in 0.000567 seconds
Number of updated asset objects reloaded before import = 0
Number of asset objects unloaded after import = 0
========================================================================
Received Import Request.
  Time since last request: 9.386957 seconds.
  path: Assets/PolyStang/Prefabs/StreetLights
  artifactKey: Guid(fbb899d63c303b944ad15d21ee53d7bd) Importer(815301076,1909f56bfc062723c751e8b465ee728b)
Start importing Assets/PolyStang/Prefabs/StreetLights using Guid(fbb899d63c303b944ad15d21ee53d7bd) Importer(815301076,1909f56bfc062723c751e8b465ee728b)  -> (artifact id: '3ef7ad1fecc0319161139e46a54db0ea') in 0.000419 seconds
Number of updated asset objects reloaded before import = 0
Number of asset objects unloaded after import = 0
========================================================================
Received Import Request.
  Time since last request: 0.743462 seconds.
  path: Assets/PolyStang/Prefabs/MoreWheels
  artifactKey: Guid(35d7dec4d7ade8a48a0ca400c73a8110) Importer(815301076,1909f56bfc062723c751e8b465ee728b)
Start importing Assets/PolyStang/Prefabs/MoreWheels using Guid(35d7dec4d7ade8a48a0ca400c73a8110) Importer(815301076,1909f56bfc062723c751e8b465ee728b)  -> (artifact id: '67c44ac3384027ae59e5ec165650221e') in 0.000421 seconds
Number of updated asset objects reloaded before import = 0
Number of asset objects unloaded after import = 0
========================================================================
Received Import Request.
  Time since last request: 8.120678 seconds.
  path: Assets/PolyStang/Prefabs/Effects
  artifactKey: Guid(92e903d02e7b84d4e8a6da880a9087de) Importer(815301076,1909f56bfc062723c751e8b465ee728b)
Start importing Assets/PolyStang/Prefabs/Effects using Guid(92e903d02e7b84d4e8a6da880a9087de) Importer(815301076,1909f56bfc062723c751e8b465ee728b)  -> (artifact id: '4c3f08e3467292d8514882a2872c6ae7') in 0.000450 seconds
Number of updated asset objects reloaded before import = 0
Number of asset objects unloaded after import = 0
========================================================================
Received Import Request.
  Time since last request: 5.381517 seconds.
  path: Assets/PolyStang/Materials/PolyStangs/PolyStang_2
  artifactKey: Guid(a1a3e6da62a2fda46b609e836bc122f3) Importer(815301076,1909f56bfc062723c751e8b465ee728b)
Start importing Assets/PolyStang/Materials/PolyStangs/PolyStang_2 using Guid(a1a3e6da62a2fda46b609e836bc122f3) Importer(815301076,1909f56bfc062723c751e8b465ee728b)  -> (artifact id: '4ed77811bd7ddfe653c165af8f928d03') in 0.000450 seconds
Number of updated asset objects reloaded before import = 0
Number of asset objects unloaded after import = 0
========================================================================
Received Import Request.
  Time since last request: 0.031623 seconds.
  path: Assets/PolyStang/Materials/PolyStangs/PolyStang_2/AirOutlet.mat
  artifactKey: Guid(0322e86475a92184daa4bb08ae66be3b) Importer(815301076,1909f56bfc062723c751e8b465ee728b)
Start importing Assets/PolyStang/Materials/PolyStangs/PolyStang_2/AirOutlet.mat using Guid(0322e86475a92184daa4bb08ae66be3b) Importer(815301076,1909f56bfc062723c751e8b465ee728b)  -> (artifact id: '0ce2824ec33ee0c0dfb0b1072959afa7') in 0.007179 seconds
Number of updated asset objects reloaded before import = 0
Number of asset objects unloaded after import = 1
========================================================================
Received Import Request.
  Time since last request: 0.000026 seconds.
  path: Assets/PolyStang/Materials/PolyStangs/PolyStang_2/Lines.mat
  artifactKey: Guid(332f77d0f151dc74d9f511d90c67a5b5) Importer(815301076,1909f56bfc062723c751e8b465ee728b)
Start importing Assets/PolyStang/Materials/PolyStangs/PolyStang_2/Lines.mat using Guid(332f77d0f151dc74d9f511d90c67a5b5) Importer(815301076,1909f56bfc062723c751e8b465ee728b)  -> (artifact id: 'fdb0ce0921dfbdcb0759832e74c69473') in 0.007552 seconds
Number of updated asset objects reloaded before import = 0
Number of asset objects unloaded after import = 1
========================================================================
Received Import Request.
  Time since last request: 3.045134 seconds.
  path: Assets/PolyStang/Materials/PolyStangs/Lights
  artifactKey: Guid(a125ff0413eb9d64b930ecdafb5eb2db) Importer(815301076,1909f56bfc062723c751e8b465ee728b)
Start importing Assets/PolyStang/Materials/PolyStangs/Lights using Guid(a125ff0413eb9d64b930ecdafb5eb2db) Importer(815301076,1909f56bfc062723c751e8b465ee728b)  -> (artifact id: '32a54f014ce520eedc564e0f50d8951f') in 0.000479 seconds
Number of updated asset objects reloaded before import = 0
Number of asset objects unloaded after import = 0
========================================================================
Received Import Request.
  Time since last request: 16.419894 seconds.
  path: Assets/Versatile Studio Assets/Demo City By Versatile Studio/Models/demo_city_by_versatile_studio.fbx
  artifactKey: Guid(f99be3dce881b214a9a0d83c6b2d0fda) Importer(815301076,1909f56bfc062723c751e8b465ee728b)
Start importing Assets/Versatile Studio Assets/Demo City By Versatile Studio/Models/demo_city_by_versatile_studio.fbx using Guid(f99be3dce881b214a9a0d83c6b2d0fda) Importer(815301076,1909f56bfc062723c751e8b465ee728b)  -> (artifact id: 'e6895da7f515f7ef46732afba60c7bbb') in 2.847198 seconds
Number of updated asset objects reloaded before import = 0
Number of asset objects unloaded after import = 560
========================================================================
Received Import Request.
  Time since last request: 1.898613 seconds.
  path: Assets/Versatile Studio Assets/Demo City By Versatile Studio/Textures
  artifactKey: Guid(b72d9386c2337ea4ab1dec182e53fc2f) Importer(815301076,1909f56bfc062723c751e8b465ee728b)
Start importing Assets/Versatile Studio Assets/Demo City By Versatile Studio/Textures using Guid(b72d9386c2337ea4ab1dec182e53fc2f) Importer(815301076,1909f56bfc062723c751e8b465ee728b)  -> (artifact id: '32d951a83406493db1ddd8153ddd0938') in 0.001017 seconds
Number of updated asset objects reloaded before import = 0
Number of asset objects unloaded after import = 0
========================================================================
Received Import Request.
  Time since last request: 0.189797 seconds.
  path: Assets/Versatile Studio Assets/Demo City By Versatile Studio/Textures/asphalt_2-5_tracks.png
  artifactKey: Guid(7d33609f429455d42be75b02b8c8d6ae) Importer(815301076,1909f56bfc062723c751e8b465ee728b)
Start importing Assets/Versatile Studio Assets/Demo City By Versatile Studio/Textures/asphalt_2-5_tracks.png using Guid(7d33609f429455d42be75b02b8c8d6ae) Importer(815301076,1909f56bfc062723c751e8b465ee728b)  -> (artifact id: '738b19b9f2f117acc8a01ffcdae1fb33') in 0.112712 seconds
Number of updated asset objects reloaded before import = 0
Number of asset objects unloaded after import = 2
========================================================================
Received Import Request.
  Time since last request: 0.000014 seconds.
  path: Assets/Versatile Studio Assets/Demo City By Versatile Studio/Textures/building_bases.png
  artifactKey: Guid(b60689b53292d834b9128f0de5b1fc20) Importer(815301076,1909f56bfc062723c751e8b465ee728b)
Start importing Assets/Versatile Studio Assets/Demo City By Versatile Studio/Textures/building_bases.png using Guid(b60689b53292d834b9128f0de5b1fc20) Importer(815301076,1909f56bfc062723c751e8b465ee728b)  -> (artifact id: 'bb320c344c95350496edc6aeacd29629') in 0.040321 seconds
Number of updated asset objects reloaded before import = 0
Number of asset objects unloaded after import = 2
========================================================================
Received Import Request.
  Time since last request: 0.000023 seconds.
  path: Assets/Versatile Studio Assets/Demo City By Versatile Studio/Textures/highrise_facades_em.png
  artifactKey: Guid(63bd55654816cf744a276f50c1210d19) Importer(815301076,1909f56bfc062723c751e8b465ee728b)
Start importing Assets/Versatile Studio Assets/Demo City By Versatile Studio/Textures/highrise_facades_em.png using Guid(63bd55654816cf744a276f50c1210d19) Importer(815301076,1909f56bfc062723c751e8b465ee728b)  -> (artifact id: '4dfe8a23d49a455afb1a2335e4319cfc') in 0.028534 seconds
Number of updated asset objects reloaded before import = 0
Number of asset objects unloaded after import = 2
========================================================================
Received Import Request.
  Time since last request: 0.000030 seconds.
  path: Assets/Versatile Studio Assets/Demo City By Versatile Studio/Textures/asphalt_2_tracks_nm.png
  artifactKey: Guid(f3a9a21e5b2c47244958c061fd9ec3a6) Importer(815301076,1909f56bfc062723c751e8b465ee728b)
Start importing Assets/Versatile Studio Assets/Demo City By Versatile Studio/Textures/asphalt_2_tracks_nm.png using Guid(f3a9a21e5b2c47244958c061fd9ec3a6) Importer(815301076,1909f56bfc062723c751e8b465ee728b)  -> (artifact id: 'b50ddf4b54dede22b73c114610b88cae') in 0.093860 seconds
Number of updated asset objects reloaded before import = 0
Number of asset objects unloaded after import = 2
========================================================================
Received Import Request.
  Time since last request: 0.000023 seconds.
  path: Assets/Versatile Studio Assets/Demo City By Versatile Studio/Textures/highrise_facades.png
  artifactKey: Guid(a79a54e9a7d7c0b43a5953d27ed15f55) Importer(815301076,1909f56bfc062723c751e8b465ee728b)
Start importing Assets/Versatile Studio Assets/Demo City By Versatile Studio/Textures/highrise_facades.png using Guid(a79a54e9a7d7c0b43a5953d27ed15f55) Importer(815301076,1909f56bfc062723c751e8b465ee728b)  -> (artifact id: '41839d739c8ef4963da213b780912eef') in 0.027346 seconds
Number of updated asset objects reloaded before import = 0
Number of asset objects unloaded after import = 2
========================================================================
Received Import Request.
  Time since last request: 0.000018 seconds.
  path: Assets/Versatile Studio Assets/Demo City By Versatile Studio/Textures/highrise_facades_nm.png
  artifactKey: Guid(0cd2fdb4b8717db4eab5ced880d73dca) Importer(815301076,1909f56bfc062723c751e8b465ee728b)
Start importing Assets/Versatile Studio Assets/Demo City By Versatile Studio/Textures/highrise_facades_nm.png using Guid(0cd2fdb4b8717db4eab5ced880d73dca) Importer(815301076,1909f56bfc062723c751e8b465ee728b)  -> (artifact id: '0b8b03e0aabb3718e23e3327e3e5a6b5') in 0.038140 seconds
Number of updated asset objects reloaded before import = 0
Number of asset objects unloaded after import = 2
========================================================================
Received Import Request.
  Time since last request: 0.032330 seconds.
  path: Assets/Versatile Studio Assets/Demo City By Versatile Studio/Textures/asphalt_4_tracks_oc.png
  artifactKey: Guid(b969d0dc22f81db488bd9863d7241168) Importer(815301076,1909f56bfc062723c751e8b465ee728b)
Start importing Assets/Versatile Studio Assets/Demo City By Versatile Studio/Textures/asphalt_4_tracks_oc.png using Guid(b969d0dc22f81db488bd9863d7241168) Importer(815301076,1909f56bfc062723c751e8b465ee728b)  -> (artifact id: 'dde2c7f94207aa4cb336ec922d7536e4') in 0.085812 seconds
Number of updated asset objects reloaded before import = 0
Number of asset objects unloaded after import = 2
========================================================================
Received Import Request.
  Time since last request: 0.000021 seconds.
  path: Assets/Versatile Studio Assets/Demo City By Versatile Studio/Textures/asphalt_2_tracks.png
  artifactKey: Guid(971d7186034e62b48b9146a4220de52e) Importer(815301076,1909f56bfc062723c751e8b465ee728b)
Start importing Assets/Versatile Studio Assets/Demo City By Versatile Studio/Textures/asphalt_2_tracks.png using Guid(971d7186034e62b48b9146a4220de52e) Importer(815301076,1909f56bfc062723c751e8b465ee728b)  -> (artifact id: '4f800bd803ae8395766ab72c5b672328') in 0.065025 seconds
Number of updated asset objects reloaded before import = 0
Number of asset objects unloaded after import = 2
========================================================================
Received Import Request.
  Time since last request: 0.000026 seconds.
  path: Assets/Versatile Studio Assets/Demo City By Versatile Studio/Textures/building_interior.png
  artifactKey: Guid(06cb5ce93fc410242a0368baa362376c) Importer(815301076,1909f56bfc062723c751e8b465ee728b)
Start importing Assets/Versatile Studio Assets/Demo City By Versatile Studio/Textures/building_interior.png using Guid(06cb5ce93fc410242a0368baa362376c) Importer(815301076,1909f56bfc062723c751e8b465ee728b)  -> (artifact id: '4143107c7bc96196a6939fe198b50cb9') in 0.026542 seconds
Number of updated asset objects reloaded before import = 0
Number of asset objects unloaded after import = 2
========================================================================
Received Import Request.
  Time since last request: 0.000019 seconds.
  path: Assets/Versatile Studio Assets/Demo City By Versatile Studio/Textures/building_windows_wet.png
  artifactKey: Guid(795156fdb0359bf4794dd09c306461b0) Importer(815301076,1909f56bfc062723c751e8b465ee728b)
Start importing Assets/Versatile Studio Assets/Demo City By Versatile Studio/Textures/building_windows_wet.png using Guid(795156fdb0359bf4794dd09c306461b0) Importer(815301076,1909f56bfc062723c751e8b465ee728b)  -> (artifact id: 'a0cf254fa044274c981e88485b35f981') in 0.095339 seconds
Number of updated asset objects reloaded before import = 0
Number of asset objects unloaded after import = 2
========================================================================
Received Import Request.
  Time since last request: 0.000024 seconds.
  path: Assets/Versatile Studio Assets/Demo City By Versatile Studio/Textures/asphalt_4_tracks.png
  artifactKey: Guid(ec737a25d469efb46a04424a34accbd3) Importer(815301076,1909f56bfc062723c751e8b465ee728b)
Start importing Assets/Versatile Studio Assets/Demo City By Versatile Studio/Textures/asphalt_4_tracks.png using Guid(ec737a25d469efb46a04424a34accbd3) Importer(815301076,1909f56bfc062723c751e8b465ee728b)  -> (artifact id: '430ea8cc450d34d4da1e1f671d6f4272') in 0.070085 seconds
Number of updated asset objects reloaded before import = 0
Number of asset objects unloaded after import = 2
========================================================================
Received Import Request.
  Time since last request: 0.000019 seconds.
  path: Assets/Versatile Studio Assets/Demo City By Versatile Studio/Textures/asphalt_highway_nm.png
  artifactKey: Guid(adb98b8a6445d6f4eab5d5fe1822c50a) Importer(815301076,1909f56bfc062723c751e8b465ee728b)
Start importing Assets/Versatile Studio Assets/Demo City By Versatile Studio/Textures/asphalt_highway_nm.png using Guid(adb98b8a6445d6f4eab5d5fe1822c50a) Importer(815301076,1909f56bfc062723c751e8b465ee728b)  -> (artifact id: 'f8a0f1afdc36f61840de82d8187bcc96') in 0.092322 seconds
Number of updated asset objects reloaded before import = 0
Number of asset objects unloaded after import = 2
========================================================================
Received Import Request.
  Time since last request: 0.000029 seconds.
  path: Assets/Versatile Studio Assets/Demo City By Versatile Studio/Textures/highway_wall.png
  artifactKey: Guid(a30c04a61d7bbf14489a422101e8aa9b) Importer(815301076,1909f56bfc062723c751e8b465ee728b)
Start importing Assets/Versatile Studio Assets/Demo City By Versatile Studio/Textures/highway_wall.png using Guid(a30c04a61d7bbf14489a422101e8aa9b) Importer(815301076,1909f56bfc062723c751e8b465ee728b)  -> (artifact id: 'abf8b12d4d465ab03300d0d1c047a38d') in 0.024675 seconds
Number of updated asset objects reloaded before import = 0
Number of asset objects unloaded after import = 2
========================================================================
Received Import Request.
  Time since last request: 0.000027 seconds.
  path: Assets/Versatile Studio Assets/Demo City By Versatile Studio/Textures/asphalt_4_tracks_nm.png
  artifactKey: Guid(5ee7d769b5b730f48b8cb9dec69b64fb) Importer(815301076,1909f56bfc062723c751e8b465ee728b)
Start importing Assets/Versatile Studio Assets/Demo City By Versatile Studio/Textures/asphalt_4_tracks_nm.png using Guid(5ee7d769b5b730f48b8cb9dec69b64fb) Importer(815301076,1909f56bfc062723c751e8b465ee728b)  -> (artifact id: '8e3af965a7c2f9089d0eee8e30169ce2') in 0.102428 seconds
Number of updated asset objects reloaded before import = 0
Number of asset objects unloaded after import = 2
========================================================================
Received Import Request.
  Time since last request: 0.000021 seconds.
  path: Assets/Versatile Studio Assets/Demo City By Versatile Studio/Textures/building_facades_nm.png
  artifactKey: Guid(a4f7cf03ecc849341a0d2653282da8ac) Importer(815301076,1909f56bfc062723c751e8b465ee728b)
Start importing Assets/Versatile Studio Assets/Demo City By Versatile Studio/Textures/building_facades_nm.png using Guid(a4f7cf03ecc849341a0d2653282da8ac) Importer(815301076,1909f56bfc062723c751e8b465ee728b)  -> (artifact id: 'c5e7cf011e8ad5b71d8a7d2ccb297b3d') in 0.051613 seconds
Number of updated asset objects reloaded before import = 0
Number of asset objects unloaded after import = 2
========================================================================
Received Import Request.
  Time since last request: 0.000027 seconds.
  path: Assets/Versatile Studio Assets/Demo City By Versatile Studio/Textures/building_interior_nm.png
  artifactKey: Guid(af8b3257623c2a54cb363a294f27775d) Importer(815301076,1909f56bfc062723c751e8b465ee728b)
Start importing Assets/Versatile Studio Assets/Demo City By Versatile Studio/Textures/building_interior_nm.png using Guid(af8b3257623c2a54cb363a294f27775d) Importer(815301076,1909f56bfc062723c751e8b465ee728b)  -> (artifact id: '2aef68f49dbca110e04f2404ea3d8fae') in 0.035451 seconds
Number of updated asset objects reloaded before import = 0
Number of asset objects unloaded after import = 2
========================================================================
Received Import Request.
  Time since last request: 0.000023 seconds.
  path: Assets/Versatile Studio Assets/Demo City By Versatile Studio/Textures/asphalt_square_nm.png
  artifactKey: Guid(bb075db2b2e92c34e9a0edbc160d738c) Importer(815301076,1909f56bfc062723c751e8b465ee728b)
Start importing Assets/Versatile Studio Assets/Demo City By Versatile Studio/Textures/asphalt_square_nm.png using Guid(bb075db2b2e92c34e9a0edbc160d738c) Importer(815301076,1909f56bfc062723c751e8b465ee728b)  -> (artifact id: 'e4bff5ed7b0222fd73de1111b3bfbf5f') in 0.088059 seconds
Number of updated asset objects reloaded before import = 0
Number of asset objects unloaded after import = 2
========================================================================
Received Import Request.
  Time since last request: 0.130503 seconds.
  path: Assets/Versatile Studio Assets/Demo City By Versatile Studio/Textures/highway_wall_nm.png
  artifactKey: Guid(a23958896778bb14690c2f1732c9dea8) Importer(815301076,1909f56bfc062723c751e8b465ee728b)
Start importing Assets/Versatile Studio Assets/Demo City By Versatile Studio/Textures/highway_wall_nm.png using Guid(a23958896778bb14690c2f1732c9dea8) Importer(815301076,1909f56bfc062723c751e8b465ee728b)  -> (artifact id: '086d3df9b421006365472dbfc614796f') in 0.028887 seconds
Number of updated asset objects reloaded before import = 0
Number of asset objects unloaded after import = 2
========================================================================
Received Import Request.
  Time since last request: 0.000022 seconds.
  path: Assets/Versatile Studio Assets/Demo City By Versatile Studio/Textures/vegetation_main_nm.png
  artifactKey: Guid(69ab22f53ee7465429a97e16b09b4e67) Importer(815301076,1909f56bfc062723c751e8b465ee728b)
Start importing Assets/Versatile Studio Assets/Demo City By Versatile Studio/Textures/vegetation_main_nm.png using Guid(69ab22f53ee7465429a97e16b09b4e67) Importer(815301076,1909f56bfc062723c751e8b465ee728b)  -> (artifact id: '53eedf2c76db916cddcd53b4cb0039e0') in 0.043505 seconds
Number of updated asset objects reloaded before import = 0
Number of asset objects unloaded after import = 2
========================================================================
Received Import Request.
  Time since last request: 0.000023 seconds.
  path: Assets/Versatile Studio Assets/Demo City By Versatile Studio/Textures/road_sideway_fences.png
  artifactKey: Guid(fa163fc690976a8488f24a7272eab956) Importer(815301076,1909f56bfc062723c751e8b465ee728b)
Start importing Assets/Versatile Studio Assets/Demo City By Versatile Studio/Textures/road_sideway_fences.png using Guid(fa163fc690976a8488f24a7272eab956) Importer(815301076,1909f56bfc062723c751e8b465ee728b)  -> (artifact id: '81a27cfc328de29d953d331f33abb8e4') in 0.024935 seconds
Number of updated asset objects reloaded before import = 0
Number of asset objects unloaded after import = 2
========================================================================
Received Import Request.
  Time since last request: 0.000023 seconds.
  path: Assets/Versatile Studio Assets/Demo City By Versatile Studio/Textures/sideway_tile.png
  artifactKey: Guid(b61169ede9142834eac1c55d8e70dc19) Importer(815301076,1909f56bfc062723c751e8b465ee728b)
Start importing Assets/Versatile Studio Assets/Demo City By Versatile Studio/Textures/sideway_tile.png using Guid(b61169ede9142834eac1c55d8e70dc19) Importer(815301076,1909f56bfc062723c751e8b465ee728b)  -> (artifact id: '8b6be5f9119ac6162155ab246ee2cb99') in 0.072000 seconds
Number of updated asset objects reloaded before import = 0
Number of asset objects unloaded after import = 2
========================================================================
Received Import Request.
  Time since last request: 0.000025 seconds.
  path: Assets/Versatile Studio Assets/Demo City By Versatile Studio/Textures/sideway_tile_nm.png
  artifactKey: Guid(36c46bc1f978a234597557e74149a165) Importer(815301076,1909f56bfc062723c751e8b465ee728b)
Start importing Assets/Versatile Studio Assets/Demo City By Versatile Studio/Textures/sideway_tile_nm.png using Guid(36c46bc1f978a234597557e74149a165) Importer(815301076,1909f56bfc062723c751e8b465ee728b)  -> (artifact id: '65508175669a97a1282a8f14c937f5a5') in 0.100037 seconds
Number of updated asset objects reloaded before import = 0
Number of asset objects unloaded after import = 2
========================================================================
Received Import Request.
  Time since last request: 0.930285 seconds.
  path: Assets/Versatile Studio Assets/Demo City By Versatile Studio/Textures/vegetation_non_tp.png
  artifactKey: Guid(6a3981c195cd4da4fa4f67512ffebbbe) Importer(815301076,1909f56bfc062723c751e8b465ee728b)
Start importing Assets/Versatile Studio Assets/Demo City By Versatile Studio/Textures/vegetation_non_tp.png using Guid(6a3981c195cd4da4fa4f67512ffebbbe) Importer(815301076,1909f56bfc062723c751e8b465ee728b)  -> (artifact id: '7d910c3062de6f3fdaee1af0e2be49ba') in 0.017945 seconds
Number of updated asset objects reloaded before import = 0
Number of asset objects unloaded after import = 2
