Using pre-set license
Built from '2022.3/staging' branch; Version is '2022.3.17f1 (4fc78088f837) revision 5228416'; Using compiler version '192829333'; Build Type 'Release'
OS: 'Windows 11  (10.0.22621) 64bit CoreSingleLanguage' Language: 'en' Physical Memory: 16231 MB
BatchMode: 1, IsHumanControllingUs: 0, StartBugReporterOnCrash: 0, Is64bit: 1, IsPro: 1

COMMAND LINE ARGUMENTS:
C:\Program Files\Unity\Hub\Editor\2022.3.17f1\Editor\Unity.exe
-adb2
-batchMode
-noUpm
-name
AssetImportWorker1
-projectPath
D:/Unity/The hunter
-logFile
Logs/AssetImportWorker1.log
-srvPort
60940
Successfully changed project path to: D:/Unity/The hunter
D:/Unity/The hunter
[UnityMemory] Configuration Parameters - Can be set up in boot.config
    "memorysetup-bucket-allocator-granularity=16"
    "memorysetup-bucket-allocator-bucket-count=8"
    "memorysetup-bucket-allocator-block-size=33554432"
    "memorysetup-bucket-allocator-block-count=8"
    "memorysetup-main-allocator-block-size=16777216"
    "memorysetup-thread-allocator-block-size=16777216"
    "memorysetup-gfx-main-allocator-block-size=16777216"
    "memorysetup-gfx-thread-allocator-block-size=16777216"
    "memorysetup-cache-allocator-block-size=4194304"
    "memorysetup-typetree-allocator-block-size=2097152"
    "memorysetup-profiler-bucket-allocator-granularity=16"
    "memorysetup-profiler-bucket-allocator-bucket-count=8"
    "memorysetup-profiler-bucket-allocator-block-size=33554432"
    "memorysetup-profiler-bucket-allocator-block-count=8"
    "memorysetup-profiler-allocator-block-size=16777216"
    "memorysetup-profiler-editor-allocator-block-size=1048576"
    "memorysetup-temp-allocator-size-main=16777216"
    "memorysetup-job-temp-allocator-block-size=2097152"
    "memorysetup-job-temp-allocator-block-size-background=1048576"
    "memorysetup-job-temp-allocator-reduction-small-platforms=262144"
    "memorysetup-allocator-temp-initial-block-size-main=262144"
    "memorysetup-allocator-temp-initial-block-size-worker=262144"
    "memorysetup-temp-allocator-size-background-worker=32768"
    "memorysetup-temp-allocator-size-job-worker=262144"
    "memorysetup-temp-allocator-size-preload-manager=33554432"
    "memorysetup-temp-allocator-size-nav-mesh-worker=65536"
    "memorysetup-temp-allocator-size-audio-worker=65536"
    "memorysetup-temp-allocator-size-cloud-worker=32768"
    "memorysetup-temp-allocator-size-gi-baking-worker=262144"
    "memorysetup-temp-allocator-size-gfx=262144"
Player connection [9600] Host "[IP] 172.18.144.1 [Port] 0 [Flags] 2 [Guid] 62292274 [EditorId] 62292274 [Version] 1048832 [Id] WindowsEditor(7,DESKTOP-ERQEP9G) [Debug] 1 [PackageName] WindowsEditor [ProjectName] Editor" joined multi-casting on [225.0.0.222:54997]...

Player connection [9600] Host "[IP] 172.18.144.1 [Port] 0 [Flags] 2 [Guid] 62292274 [EditorId] 62292274 [Version] 1048832 [Id] WindowsEditor(7,DESKTOP-ERQEP9G) [Debug] 1 [PackageName] WindowsEditor [ProjectName] Editor" joined alternative multi-casting on [225.0.0.222:34997]...

[Physics::Module] Initialized MultithreadedJobDispatcher with 7 workers.
Refreshing native plugins compatible for Editor in 16.67 ms, found 3 plugins.
Preloading 0 native plugins for Editor in 0.00 ms.
Initialize engine version: 2022.3.17f1 (4fc78088f837)
[Subsystems] Discovering subsystems at path C:/Program Files/Unity/Hub/Editor/2022.3.17f1/Editor/Data/Resources/UnitySubsystems
[Subsystems] Discovering subsystems at path D:/Unity/The hunter/Assets
GfxDevice: creating device client; threaded=0; jobified=0
Direct3D:
    Version:  Direct3D 11.0 [level 11.1]
    Renderer: AMD Radeon 610 Series (ID=0x6665)
    Vendor:   ATI
    VRAM:     2039 MB
    Driver:   26.20.15026.1
Initialize mono
Mono path[0] = 'C:/Program Files/Unity/Hub/Editor/2022.3.17f1/Editor/Data/Managed'
Mono path[1] = 'C:/Program Files/Unity/Hub/Editor/2022.3.17f1/Editor/Data/MonoBleedingEdge/lib/mono/unityjit-win32'
Mono config path = 'C:/Program Files/Unity/Hub/Editor/2022.3.17f1/Editor/Data/MonoBleedingEdge/etc'
Using monoOptions --debugger-agent=transport=dt_socket,embedding=1,server=y,suspend=n,address=127.0.0.1:56344
Begin MonoManager ReloadAssembly
Registering precompiled unity dll's ...
Register platform support module: C:/Program Files/Unity/Hub/Editor/2022.3.17f1/Editor/Data/PlaybackEngines/WebGLSupport/UnityEditor.WebGL.Extensions.dll
Register platform support module: C:/Program Files/Unity/Hub/Editor/2022.3.17f1/Editor/Data/PlaybackEngines/AndroidPlayer/UnityEditor.Android.Extensions.dll
Register platform support module: C:/Program Files/Unity/Hub/Editor/2022.3.17f1/Editor/Data/PlaybackEngines/WindowsStandaloneSupport/UnityEditor.WindowsStandalone.Extensions.dll
Registered in 0.013132 seconds.
- Loaded All Assemblies, in  0.637 seconds
Native extension for WindowsStandalone target not found
Native extension for Android target not found
Android Extension - Scanning For ADB Devices 444 ms
Native extension for WebGL target not found
Mono: successfully reloaded assembly
- Finished resetting the current domain, in  1.013 seconds
Domain Reload Profiling: 1647ms
	BeginReloadAssembly (183ms)
		ExecutionOrderSort (0ms)
		DisableScriptedObjects (0ms)
		BackupInstance (0ms)
		ReleaseScriptingObjects (0ms)
		CreateAndSetChildDomain (1ms)
	RebuildCommonClasses (77ms)
	RebuildNativeTypeToScriptingClass (22ms)
	initialDomainReloadingComplete (91ms)
	LoadAllAssembliesAndSetupDomain (261ms)
		LoadAssemblies (181ms)
		RebuildTransferFunctionScriptingTraits (0ms)
		AnalyzeDomain (257ms)
			TypeCache.Refresh (255ms)
				TypeCache.ScanAssembly (233ms)
			ScanForSourceGeneratedMonoScriptInfo (1ms)
			ResolveRequiredComponents (1ms)
	FinalizeReload (1013ms)
		ReleaseScriptCaches (0ms)
		RebuildScriptCaches (0ms)
		SetupLoadedEditorAssemblies (915ms)
			LogAssemblyErrors (0ms)
			InitializePlatformSupportModulesInManaged (625ms)
			SetLoadedEditorAssemblies (7ms)
			RefreshPlugins (0ms)
			BeforeProcessingInitializeOnLoad (5ms)
			ProcessInitializeOnLoadAttributes (195ms)
			ProcessInitializeOnLoadMethodAttributes (83ms)
			AfterProcessingInitializeOnLoad (0ms)
			EditorAssembliesLoaded (0ms)
		ExecutionOrderSort2 (0ms)
		AwakeInstancesAfterBackupRestoration (0ms)
========================================================================
Worker process is ready to serve import requests
Begin MonoManager ReloadAssembly
Symbol file LoadedFromMemory is not a mono symbol file
- Loaded All Assemblies, in  1.709 seconds
Refreshing native plugins compatible for Editor in 7.53 ms, found 3 plugins.
Native extension for WindowsStandalone target not found
Native extension for Android target not found
Native extension for WebGL target not found
Package Manager log level set to [2]
[Package Manager] Server::EnsureServerProcessIsRunning -- launch failed, reason: Unity was launched with the -noUpm command-line argument
[Package Manager] UpmClient::Send -- Unable to send message (not connected to UPM process).
[Package Manager] Cannot connect to Unity Package Manager local server
Mono: successfully reloaded assembly
- Finished resetting the current domain, in  1.809 seconds
Domain Reload Profiling: 3514ms
	BeginReloadAssembly (263ms)
		ExecutionOrderSort (0ms)
		DisableScriptedObjects (11ms)
		BackupInstance (0ms)
		ReleaseScriptingObjects (0ms)
		CreateAndSetChildDomain (37ms)
	RebuildCommonClasses (71ms)
	RebuildNativeTypeToScriptingClass (23ms)
	initialDomainReloadingComplete (90ms)
	LoadAllAssembliesAndSetupDomain (1258ms)
		LoadAssemblies (742ms)
		RebuildTransferFunctionScriptingTraits (0ms)
		AnalyzeDomain (668ms)
			TypeCache.Refresh (602ms)
				TypeCache.ScanAssembly (558ms)
			ScanForSourceGeneratedMonoScriptInfo (54ms)
			ResolveRequiredComponents (10ms)
	FinalizeReload (1811ms)
		ReleaseScriptCaches (0ms)
		RebuildScriptCaches (0ms)
		SetupLoadedEditorAssemblies (1488ms)
			LogAssemblyErrors (0ms)
			InitializePlatformSupportModulesInManaged (56ms)
			SetLoadedEditorAssemblies (9ms)
			RefreshPlugins (0ms)
			BeforeProcessingInitializeOnLoad (235ms)
			ProcessInitializeOnLoadAttributes (807ms)
			ProcessInitializeOnLoadMethodAttributes (361ms)
			AfterProcessingInitializeOnLoad (18ms)
			EditorAssembliesLoaded (1ms)
		ExecutionOrderSort2 (0ms)
		AwakeInstancesAfterBackupRestoration (19ms)
Failed to load shader (instanceID 25832, GUID 9c442dc870b456e48b615cd8add0e9ef)
Failed to load shader (instanceID 25834, GUID 493b79ea9c9be44ed8b702014d3ac49c)
Launched and connected shader compiler UnityShaderCompiler.exe after 0.07 seconds
Refreshing native plugins compatible for Editor in 8.78 ms, found 3 plugins.
Preloading 0 native plugins for Editor in 0.00 ms.
Unloading 1751 Unused Serialized files (Serialized files now loaded: 0)
Unloading 81 unused Assets / (2.8 MB). Loaded Objects now: 2183.
Memory consumption went from 126.0 MB to 123.2 MB.
Total: 14.332500 ms (FindLiveObjects: 0.234700 ms CreateObjectMapping: 0.181100 ms MarkObjects: 12.713600 ms  DeleteObjects: 1.201100 ms)

AssetImportParameters requested are different than current active one (requested -> active):
  custom:container-demuxer-ogg: 62fdf1f143b41e24485cea50d1cbac27 -> 
  custom:video-codec-MediaFoundation-h265: 746d11721c4dcdbdad8f713fa42b33f4 -> 
  custom:video-decoder-ogg-theora: a1e56fd34408186e4bbccfd4996cb3dc -> 
  custom:framework-win-MediaFoundation: 216162199b28c13a410421893ffa2e32 -> 
  custom:CustomObjectIndexerAttribute: 6d391050e5a25f67b0a2c618074f2cd9 -> 
  custom:container-demuxer-webm: 4f35f7cbe854078d1ac9338744f61a02 -> 
  custom:container-muxer-webm: aa71ff27fc2769a1b78a27578f13a17b -> 
  custom:video-decoder-webm-vp8: 9c59270c3fd7afecdb556c50c9e8de78 -> 
  custom:SearchIndexIgnoredProperties: e643bd26f0fe6173181afceb89e7c659 -> 
  custom:AudioImporter_EditorPlatform: d09bf68614088b80899f8185d706f6e7 -> 
  custom:video-encoder-webm-vp8: eb34c28f22e8b96e1ab97ce403110664 -> 
  custom:audio-decoder-ogg-vorbis: bf7c407c2cedff20999df2af8eb42d56 -> 
  custom:audio-encoder-webm-vorbis: bf7c407c2cedff20999df2af8eb42d56 -> 
========================================================================
Received Import Request.
  Time since last request: 9752.130392 seconds.
  path: Assets/Scenes/Level2.unity
  artifactKey: Guid(9fc0d4010bbf28b4594072e72b8655ab) Importer(815301076,1909f56bfc062723c751e8b465ee728b)
Start importing Assets/Scenes/Level2.unity using Guid(9fc0d4010bbf28b4594072e72b8655ab) Importer(815301076,1909f56bfc062723c751e8b465ee728b)  -> (artifact id: 'd57910c544496a5bed6a1be89d7cf123') in 0.003410 seconds
Number of updated asset objects reloaded before import = 0
Number of asset objects unloaded after import = 0
========================================================================
Received Import Request.
  Time since last request: 53.386251 seconds.
  path: Assets/Versatile Studio Assets/Demo City By Versatile Studio/Materials/asphalt_2_tracks.mat
  artifactKey: Guid(f96faff657ba0a54d8392a93c22371a9) Importer(815301076,1909f56bfc062723c751e8b465ee728b)
Start importing Assets/Versatile Studio Assets/Demo City By Versatile Studio/Materials/asphalt_2_tracks.mat using Guid(f96faff657ba0a54d8392a93c22371a9) Importer(815301076,1909f56bfc062723c751e8b465ee728b)  -> (artifact id: '2a5f4ee0c7ed0214bd3f3f8dc51c5c61') in 0.382881 seconds
Number of updated asset objects reloaded before import = 0
Number of asset objects unloaded after import = 4
========================================================================
Received Import Request.
  Time since last request: 0.000030 seconds.
  path: Assets/Versatile Studio Assets/Demo City By Versatile Studio/Materials/highrise_facades.mat
  artifactKey: Guid(c6b94b952e067714f807fc7aeb7cbbc0) Importer(815301076,1909f56bfc062723c751e8b465ee728b)
Start importing Assets/Versatile Studio Assets/Demo City By Versatile Studio/Materials/highrise_facades.mat using Guid(c6b94b952e067714f807fc7aeb7cbbc0) Importer(815301076,1909f56bfc062723c751e8b465ee728b)  -> (artifact id: 'fc4cd89866ed3b420adbacf5a21cb02f') in 0.053703 seconds
Number of updated asset objects reloaded before import = 0
Number of asset objects unloaded after import = 4
========================================================================
Received Import Request.
  Time since last request: 0.000032 seconds.
  path: Assets/Versatile Studio Assets/Demo City By Versatile Studio/Materials/pink_light.mat
  artifactKey: Guid(dacfa358e9317634f9d90daba2a320f3) Importer(815301076,1909f56bfc062723c751e8b465ee728b)
Start importing Assets/Versatile Studio Assets/Demo City By Versatile Studio/Materials/pink_light.mat using Guid(dacfa358e9317634f9d90daba2a320f3) Importer(815301076,1909f56bfc062723c751e8b465ee728b)  -> (artifact id: 'bacbb0079aa3b2f450bab73e50b151af') in 0.146701 seconds
Number of updated asset objects reloaded before import = 0
Number of asset objects unloaded after import = 1
========================================================================
Received Import Request.
  Time since last request: 0.000025 seconds.
  path: Assets/Versatile Studio Assets/Demo City By Versatile Studio/Materials/asphalt_highway.mat
  artifactKey: Guid(efba80df10aeb624e82f4d1d32902613) Importer(815301076,1909f56bfc062723c751e8b465ee728b)
Start importing Assets/Versatile Studio Assets/Demo City By Versatile Studio/Materials/asphalt_highway.mat using Guid(efba80df10aeb624e82f4d1d32902613) Importer(815301076,1909f56bfc062723c751e8b465ee728b)  -> (artifact id: '80f3ebad042bc0f5ddc9749541c0ff7d') in 0.209639 seconds
Number of updated asset objects reloaded before import = 0
Number of asset objects unloaded after import = 4
========================================================================
Received Import Request.
  Time since last request: 0.000025 seconds.
  path: Assets/Versatile Studio Assets/Demo City By Versatile Studio/Materials/road_sideway_fences.mat
  artifactKey: Guid(c57573062fdc7674c8ed160dd5f06f62) Importer(815301076,1909f56bfc062723c751e8b465ee728b)
Start importing Assets/Versatile Studio Assets/Demo City By Versatile Studio/Materials/road_sideway_fences.mat using Guid(c57573062fdc7674c8ed160dd5f06f62) Importer(815301076,1909f56bfc062723c751e8b465ee728b)  -> (artifact id: '7ca29164eddb905f782682923afe061a') in 0.105568 seconds
Number of updated asset objects reloaded before import = 0
Number of asset objects unloaded after import = 3
========================================================================
Received Import Request.
  Time since last request: 0.000035 seconds.
  path: Assets/Versatile Studio Assets/Demo City By Versatile Studio/Materials/asphalt_4_tracks.mat
  artifactKey: Guid(3216e81dc42407948a4889aa3c979c6a) Importer(815301076,1909f56bfc062723c751e8b465ee728b)
Start importing Assets/Versatile Studio Assets/Demo City By Versatile Studio/Materials/asphalt_4_tracks.mat using Guid(3216e81dc42407948a4889aa3c979c6a) Importer(815301076,1909f56bfc062723c751e8b465ee728b)  -> (artifact id: '400fd2b62c4e39e07853af4f08078789') in 0.280925 seconds
Number of updated asset objects reloaded before import = 0
Number of asset objects unloaded after import = 4
========================================================================
Received Import Request.
  Time since last request: 0.000022 seconds.
  path: Assets/Versatile Studio Assets/Demo City By Versatile Studio/Materials/props_main.mat
  artifactKey: Guid(bcf074209a5884843b7c5ae3c635ea8f) Importer(815301076,1909f56bfc062723c751e8b465ee728b)
Start importing Assets/Versatile Studio Assets/Demo City By Versatile Studio/Materials/props_main.mat using Guid(bcf074209a5884843b7c5ae3c635ea8f) Importer(815301076,1909f56bfc062723c751e8b465ee728b)  -> (artifact id: '944883ee3e8223a4dfa5e5b752bfa883') in 0.022304 seconds
Number of updated asset objects reloaded before import = 0
Number of asset objects unloaded after import = 3
========================================================================
Received Import Request.
  Time since last request: 0.000042 seconds.
  path: Assets/Versatile Studio Assets/Demo City By Versatile Studio/Materials/blue_light.mat
  artifactKey: Guid(47791ffc03ec2c64fbd077752860cd51) Importer(815301076,1909f56bfc062723c751e8b465ee728b)
Start importing Assets/Versatile Studio Assets/Demo City By Versatile Studio/Materials/blue_light.mat using Guid(47791ffc03ec2c64fbd077752860cd51) Importer(815301076,1909f56bfc062723c751e8b465ee728b)  -> (artifact id: '3b35fdb4c88e1cd0a1619946bb378b4e') in 0.008330 seconds
Number of updated asset objects reloaded before import = 0
Number of asset objects unloaded after import = 1
========================================================================
Received Import Request.
  Time since last request: 0.000026 seconds.
  path: Assets/Versatile Studio Assets/Demo City By Versatile Studio/Materials/building_bases.mat
  artifactKey: Guid(7304ae2ab1b71784c9b6e3e785e4d869) Importer(815301076,1909f56bfc062723c751e8b465ee728b)
Start importing Assets/Versatile Studio Assets/Demo City By Versatile Studio/Materials/building_bases.mat using Guid(7304ae2ab1b71784c9b6e3e785e4d869) Importer(815301076,1909f56bfc062723c751e8b465ee728b)  -> (artifact id: '3b0f12b44d976300c91f207fa71a00c2') in 0.043904 seconds
Number of updated asset objects reloaded before import = 0
Number of asset objects unloaded after import = 3
========================================================================
Received Import Request.
  Time since last request: 0.000028 seconds.
  path: Assets/Versatile Studio Assets/Demo City By Versatile Studio/Materials/orange_light.mat
  artifactKey: Guid(faba0caff81e6d041a9f29d7045d39bf) Importer(815301076,1909f56bfc062723c751e8b465ee728b)
Start importing Assets/Versatile Studio Assets/Demo City By Versatile Studio/Materials/orange_light.mat using Guid(faba0caff81e6d041a9f29d7045d39bf) Importer(815301076,1909f56bfc062723c751e8b465ee728b)  -> (artifact id: 'c1dcf1aad16f01c70347ead94480b65b') in 0.008570 seconds
Number of updated asset objects reloaded before import = 0
Number of asset objects unloaded after import = 1
========================================================================
Received Import Request.
  Time since last request: 0.000050 seconds.
  path: Assets/Versatile Studio Assets/Demo City By Versatile Studio/Materials/vegetation_main.mat
  artifactKey: Guid(9413168c9f855e34dbc2ac601af593fe) Importer(815301076,1909f56bfc062723c751e8b465ee728b)
Start importing Assets/Versatile Studio Assets/Demo City By Versatile Studio/Materials/vegetation_main.mat using Guid(9413168c9f855e34dbc2ac601af593fe) Importer(815301076,1909f56bfc062723c751e8b465ee728b)  -> (artifact id: 'd45aa1be3b74bae2397ff200a93963a7') in 0.064652 seconds
Number of updated asset objects reloaded before import = 0
Number of asset objects unloaded after import = 3
========================================================================
Received Import Request.
  Time since last request: 0.000030 seconds.
  path: Assets/Versatile Studio Assets/Demo City By Versatile Studio/Materials/white_light.mat
  artifactKey: Guid(a1910494df7cf7647bc9378df1e93e16) Importer(815301076,1909f56bfc062723c751e8b465ee728b)
Start importing Assets/Versatile Studio Assets/Demo City By Versatile Studio/Materials/white_light.mat using Guid(a1910494df7cf7647bc9378df1e93e16) Importer(815301076,1909f56bfc062723c751e8b465ee728b)  -> (artifact id: 'dceaf414b18906a73d96a0ed5433428e') in 0.016258 seconds
Number of updated asset objects reloaded before import = 0
Number of asset objects unloaded after import = 1
========================================================================
Received Import Request.
  Time since last request: 0.000024 seconds.
  path: Assets/Versatile Studio Assets/Demo City By Versatile Studio/Materials/vegetation_non_tp.mat
  artifactKey: Guid(5efcc5a40dd64b14eb818cf6750a395c) Importer(815301076,1909f56bfc062723c751e8b465ee728b)
Start importing Assets/Versatile Studio Assets/Demo City By Versatile Studio/Materials/vegetation_non_tp.mat using Guid(5efcc5a40dd64b14eb818cf6750a395c) Importer(815301076,1909f56bfc062723c751e8b465ee728b)  -> (artifact id: '4bbed4ff6af180ce2bba628690eb470f') in 0.023959 seconds
Number of updated asset objects reloaded before import = 0
Number of asset objects unloaded after import = 3
========================================================================
Received Import Request.
  Time since last request: 1.363213 seconds.
  path: Assets/Versatile Studio Assets/Demo City By Versatile Studio/Models/basement_mid.fbx
  artifactKey: Guid(29a8981c6f21b6345a1737aa4b906a22) Importer(815301076,1909f56bfc062723c751e8b465ee728b)
Start importing Assets/Versatile Studio Assets/Demo City By Versatile Studio/Models/basement_mid.fbx using Guid(29a8981c6f21b6345a1737aa4b906a22) Importer(815301076,1909f56bfc062723c751e8b465ee728b)  -> (artifact id: '614ef845f1fce7e3eecb33697d1ff5e1') in 0.441939 seconds
Number of updated asset objects reloaded before import = 0
Number of asset objects unloaded after import = 14
========================================================================
Received Import Request.
  Time since last request: 0.000035 seconds.
  path: Assets/Versatile Studio Assets/Demo City By Versatile Studio/Models/bench.fbx
  artifactKey: Guid(b5dc924ab0184194c8cdb14e0ba22430) Importer(815301076,1909f56bfc062723c751e8b465ee728b)
Start importing Assets/Versatile Studio Assets/Demo City By Versatile Studio/Models/bench.fbx using Guid(b5dc924ab0184194c8cdb14e0ba22430) Importer(815301076,1909f56bfc062723c751e8b465ee728b)  -> (artifact id: 'cdc6dd7435feef6ae444d9294eb75bb0') in 0.018487 seconds
Number of updated asset objects reloaded before import = 0
Number of asset objects unloaded after import = 10
========================================================================
Received Import Request.
  Time since last request: 0.000033 seconds.
  path: Assets/Versatile Studio Assets/Demo City By Versatile Studio/Models/concrete_block.fbx
  artifactKey: Guid(91cf861da5ac23e4b8487f79a6dfe551) Importer(815301076,1909f56bfc062723c751e8b465ee728b)
Start importing Assets/Versatile Studio Assets/Demo City By Versatile Studio/Models/concrete_block.fbx using Guid(91cf861da5ac23e4b8487f79a6dfe551) Importer(815301076,1909f56bfc062723c751e8b465ee728b)  -> (artifact id: '34caaa724156a55c3d684b2f810e71c0') in 0.019882 seconds
Number of updated asset objects reloaded before import = 0
Number of asset objects unloaded after import = 10
========================================================================
Received Import Request.
  Time since last request: 0.000034 seconds.
  path: Assets/Versatile Studio Assets/Demo City By Versatile Studio/Models/lamp_pole_dual.fbx
  artifactKey: Guid(9ee272c29dc91dc4a94ad4d626058106) Importer(815301076,1909f56bfc062723c751e8b465ee728b)
Start importing Assets/Versatile Studio Assets/Demo City By Versatile Studio/Models/lamp_pole_dual.fbx using Guid(9ee272c29dc91dc4a94ad4d626058106) Importer(815301076,1909f56bfc062723c751e8b465ee728b)  -> (artifact id: '7df2f3464662831003aec6b130eca7b0') in 0.069369 seconds
Number of updated asset objects reloaded before import = 0
Number of asset objects unloaded after import = 11
========================================================================
Received Import Request.
  Time since last request: 0.000020 seconds.
  path: Assets/Versatile Studio Assets/Demo City By Versatile Studio/Models/office_building_2_bgr.fbx
  artifactKey: Guid(5048a1cf7d715be43bafc4d676ab5eb3) Importer(815301076,1909f56bfc062723c751e8b465ee728b)
Start importing Assets/Versatile Studio Assets/Demo City By Versatile Studio/Models/office_building_2_bgr.fbx using Guid(5048a1cf7d715be43bafc4d676ab5eb3) Importer(815301076,1909f56bfc062723c751e8b465ee728b)  -> (artifact id: 'a3d27852c10d163ae0de758610ec94c5') in 0.114914 seconds
Number of updated asset objects reloaded before import = 0
Number of asset objects unloaded after import = 14
========================================================================
Received Import Request.
  Time since last request: 0.000027 seconds.
  path: Assets/Versatile Studio Assets/Demo City By Versatile Studio/Models/mid_house_4_2.fbx
  artifactKey: Guid(206a787b1d0da6640b6375d86a2e9d05) Importer(815301076,1909f56bfc062723c751e8b465ee728b)
Start importing Assets/Versatile Studio Assets/Demo City By Versatile Studio/Models/mid_house_4_2.fbx using Guid(206a787b1d0da6640b6375d86a2e9d05) Importer(815301076,1909f56bfc062723c751e8b465ee728b)  -> (artifact id: '53d379d862a530846ac1f9b48d382111') in 0.559495 seconds
Number of updated asset objects reloaded before import = 0
Number of asset objects unloaded after import = 20
========================================================================
Received Import Request.
  Time since last request: 0.000033 seconds.
  path: Assets/Versatile Studio Assets/Demo City By Versatile Studio/Models/factory_building_small_bgr.fbx
  artifactKey: Guid(c08d4447b47b6f44aad8742db6978c9e) Importer(815301076,1909f56bfc062723c751e8b465ee728b)
Start importing Assets/Versatile Studio Assets/Demo City By Versatile Studio/Models/factory_building_small_bgr.fbx using Guid(c08d4447b47b6f44aad8742db6978c9e) Importer(815301076,1909f56bfc062723c751e8b465ee728b)  -> (artifact id: 'd38c8b70c0a943d18ad2500b36e750e9') in 0.360569 seconds
Number of updated asset objects reloaded before import = 0
Number of asset objects unloaded after import = 14
========================================================================
Received Import Request.
  Time since last request: 0.000026 seconds.
  path: Assets/Versatile Studio Assets/Demo City By Versatile Studio/Models/basement_small.fbx
  artifactKey: Guid(a4e2ff6da4c024245b3cb43a957e260e) Importer(815301076,1909f56bfc062723c751e8b465ee728b)
Start importing Assets/Versatile Studio Assets/Demo City By Versatile Studio/Models/basement_small.fbx using Guid(a4e2ff6da4c024245b3cb43a957e260e) Importer(815301076,1909f56bfc062723c751e8b465ee728b)  -> (artifact id: '6920d647c80edd03efc5eb648de644a5') in 0.320778 seconds
Number of updated asset objects reloaded before import = 0
Number of asset objects unloaded after import = 14
========================================================================
Received Import Request.
  Time since last request: 0.000028 seconds.
  path: Assets/Versatile Studio Assets/Demo City By Versatile Studio/Models/mid_house_5.fbx
  artifactKey: Guid(39c69faa46b3e834da2678ed3102aeda) Importer(815301076,1909f56bfc062723c751e8b465ee728b)
Start importing Assets/Versatile Studio Assets/Demo City By Versatile Studio/Models/mid_house_5.fbx using Guid(39c69faa46b3e834da2678ed3102aeda) Importer(815301076,1909f56bfc062723c751e8b465ee728b)  -> (artifact id: 'd9060903d9cd9fc60b4a35cbe2faa9c9') in 0.529178 seconds
Number of updated asset objects reloaded before import = 0
Number of asset objects unloaded after import = 20
========================================================================
Received Import Request.
  Time since last request: 0.000034 seconds.
  path: Assets/Versatile Studio Assets/Demo City By Versatile Studio/Models/factory_building_big_bgr.fbx
  artifactKey: Guid(35b0f1d5aadbd0042aa23a08e76985d0) Importer(815301076,1909f56bfc062723c751e8b465ee728b)
Start importing Assets/Versatile Studio Assets/Demo City By Versatile Studio/Models/factory_building_big_bgr.fbx using Guid(35b0f1d5aadbd0042aa23a08e76985d0) Importer(815301076,1909f56bfc062723c751e8b465ee728b)  -> (artifact id: '2477e9b8738db29f08bb1530470fd6e3') in 0.390280 seconds
Number of updated asset objects reloaded before import = 0
Number of asset objects unloaded after import = 14
========================================================================
Received Import Request.
  Time since last request: 0.002002 seconds.
  path: Assets/Versatile Studio Assets/Demo City By Versatile Studio/Prefabs/lamp_pole_small.prefab
  artifactKey: Guid(7961d5d64350968438e53e5349630794) Importer(815301076,1909f56bfc062723c751e8b465ee728b)
Start importing Assets/Versatile Studio Assets/Demo City By Versatile Studio/Prefabs/lamp_pole_small.prefab using Guid(7961d5d64350968438e53e5349630794) Importer(815301076,1909f56bfc062723c751e8b465ee728b)  -> (artifact id: 'a5f9a133a7a6175a381bfcbe43103f92') in 0.074426 seconds
Number of updated asset objects reloaded before import = 0
Number of asset objects unloaded after import = 17
========================================================================
Received Import Request.
  Time since last request: 0.000023 seconds.
  path: Assets/Versatile Studio Assets/Demo City By Versatile Studio/Prefabs/lamp_pole_single_blue.prefab
  artifactKey: Guid(2428e7e466b559e43a0e4202eae899ff) Importer(815301076,1909f56bfc062723c751e8b465ee728b)
Start importing Assets/Versatile Studio Assets/Demo City By Versatile Studio/Prefabs/lamp_pole_single_blue.prefab using Guid(2428e7e466b559e43a0e4202eae899ff) Importer(815301076,1909f56bfc062723c751e8b465ee728b)  -> (artifact id: '109ced51d0aff598e206150394e8db05') in 0.061359 seconds
Number of updated asset objects reloaded before import = 0
Number of asset objects unloaded after import = 17
========================================================================
Received Import Request.
  Time since last request: 0.000027 seconds.
  path: Assets/Versatile Studio Assets/Demo City By Versatile Studio/Prefabs/highway_support.prefab
  artifactKey: Guid(eac0a25b344cf9e489f0cb5413fb3a89) Importer(815301076,1909f56bfc062723c751e8b465ee728b)
Start importing Assets/Versatile Studio Assets/Demo City By Versatile Studio/Prefabs/highway_support.prefab using Guid(eac0a25b344cf9e489f0cb5413fb3a89) Importer(815301076,1909f56bfc062723c751e8b465ee728b)  -> (artifact id: '4f199a29078a3a22c2aca7c8044b2359') in 0.085423 seconds
Number of updated asset objects reloaded before import = 0
Number of asset objects unloaded after import = 39
========================================================================
Received Import Request.
  Time since last request: 0.000030 seconds.
  path: Assets/Versatile Studio Assets/Demo City By Versatile Studio/Prefabs/lamp_pole_single_orange.prefab
  artifactKey: Guid(8dd0dd541acaff5418f32652ee44b2e7) Importer(815301076,1909f56bfc062723c751e8b465ee728b)
Start importing Assets/Versatile Studio Assets/Demo City By Versatile Studio/Prefabs/lamp_pole_single_orange.prefab using Guid(8dd0dd541acaff5418f32652ee44b2e7) Importer(815301076,1909f56bfc062723c751e8b465ee728b)  -> (artifact id: '4257174cb4823d60f053fdfe9b2ad710') in 0.045054 seconds
Number of updated asset objects reloaded before import = 0
Number of asset objects unloaded after import = 17
========================================================================
Received Import Request.
  Time since last request: 0.000034 seconds.
  path: Assets/Versatile Studio Assets/Demo City By Versatile Studio/Prefabs/mid_house_2.prefab
  artifactKey: Guid(b0f4bfab0bbc4714d90f5a03e7be3225) Importer(815301076,1909f56bfc062723c751e8b465ee728b)
Start importing Assets/Versatile Studio Assets/Demo City By Versatile Studio/Prefabs/mid_house_2.prefab using Guid(b0f4bfab0bbc4714d90f5a03e7be3225) Importer(815301076,1909f56bfc062723c751e8b465ee728b)  -> (artifact id: 'cbae1ddf0218a2f374af56bdc67c5c41') in 0.489114 seconds
Number of updated asset objects reloaded before import = 0
Number of asset objects unloaded after import = 26
========================================================================
Received Import Request.
  Time since last request: 0.000018 seconds.
  path: Assets/Versatile Studio Assets/Demo City By Versatile Studio/Prefabs/building_lamp_pink.prefab
  artifactKey: Guid(93b05a0f824ba8748ac94e3c3ed9332e) Importer(815301076,1909f56bfc062723c751e8b465ee728b)
Start importing Assets/Versatile Studio Assets/Demo City By Versatile Studio/Prefabs/building_lamp_pink.prefab using Guid(93b05a0f824ba8748ac94e3c3ed9332e) Importer(815301076,1909f56bfc062723c751e8b465ee728b)  -> (artifact id: '8a1f5257e9c90e8fab3200c885bbab12') in 0.079008 seconds
Number of updated asset objects reloaded before import = 0
Number of asset objects unloaded after import = 14
========================================================================
Received Import Request.
  Time since last request: 0.000033 seconds.
  path: Assets/Versatile Studio Assets/Demo City By Versatile Studio/Prefabs/lamp_pole_dual_white.prefab
  artifactKey: Guid(6bb92931db12d8740845da8784562097) Importer(815301076,1909f56bfc062723c751e8b465ee728b)
Start importing Assets/Versatile Studio Assets/Demo City By Versatile Studio/Prefabs/lamp_pole_dual_white.prefab using Guid(6bb92931db12d8740845da8784562097) Importer(815301076,1909f56bfc062723c751e8b465ee728b)  -> (artifact id: '0abedc6412ccf716a9d1277d7121f6d7') in 0.053902 seconds
Number of updated asset objects reloaded before import = 0
Number of asset objects unloaded after import = 23
========================================================================
Received Import Request.
  Time since last request: 0.000018 seconds.
  path: Assets/Versatile Studio Assets/Demo City By Versatile Studio/Prefabs/building_lamp_orange.prefab
  artifactKey: Guid(15f5ac9ecdce3de4db7286c24974c77f) Importer(815301076,1909f56bfc062723c751e8b465ee728b)
Start importing Assets/Versatile Studio Assets/Demo City By Versatile Studio/Prefabs/building_lamp_orange.prefab using Guid(15f5ac9ecdce3de4db7286c24974c77f) Importer(815301076,1909f56bfc062723c751e8b465ee728b)  -> (artifact id: '60a090b3fe2c3db1ff0d69d276c23247') in 0.044074 seconds
Number of updated asset objects reloaded before import = 0
Number of asset objects unloaded after import = 14
========================================================================
Received Import Request.
  Time since last request: 0.000021 seconds.
  path: Assets/Versatile Studio Assets/Demo City By Versatile Studio/Prefabs/building_lamp_blue.prefab
  artifactKey: Guid(27bd8f785b4b73940a92ff6fcf04915d) Importer(815301076,1909f56bfc062723c751e8b465ee728b)
Start importing Assets/Versatile Studio Assets/Demo City By Versatile Studio/Prefabs/building_lamp_blue.prefab using Guid(27bd8f785b4b73940a92ff6fcf04915d) Importer(815301076,1909f56bfc062723c751e8b465ee728b)  -> (artifact id: '3a471086370eca674686ac322991c132') in 0.047054 seconds
Number of updated asset objects reloaded before import = 0
Number of asset objects unloaded after import = 14
========================================================================
Received Import Request.
  Time since last request: 0.000019 seconds.
  path: Assets/Versatile Studio Assets/Demo City By Versatile Studio/Prefabs/lamp_pole_dual_orange.prefab
  artifactKey: Guid(3c1eaf8bcf1439a43b6ebc70231210db) Importer(815301076,1909f56bfc062723c751e8b465ee728b)
Start importing Assets/Versatile Studio Assets/Demo City By Versatile Studio/Prefabs/lamp_pole_dual_orange.prefab using Guid(3c1eaf8bcf1439a43b6ebc70231210db) Importer(815301076,1909f56bfc062723c751e8b465ee728b)  -> (artifact id: '31b0f0e74f7906b68dc4e7637b7175a2') in 0.035346 seconds
Number of updated asset objects reloaded before import = 0
Number of asset objects unloaded after import = 23
========================================================================
Received Import Request.
  Time since last request: 0.000028 seconds.
  path: Assets/Versatile Studio Assets/Demo City By Versatile Studio/Prefabs/hedge_with_base.prefab
  artifactKey: Guid(f0fa6751ecba8a44b87f542ef29ff46f) Importer(815301076,1909f56bfc062723c751e8b465ee728b)
Start importing Assets/Versatile Studio Assets/Demo City By Versatile Studio/Prefabs/hedge_with_base.prefab using Guid(f0fa6751ecba8a44b87f542ef29ff46f) Importer(815301076,1909f56bfc062723c751e8b465ee728b)  -> (artifact id: 'c8a8a0fd5650124e9c2e8aff4ab568cc') in 0.081195 seconds
Number of updated asset objects reloaded before import = 0
Number of asset objects unloaded after import = 13
========================================================================
Received Import Request.
  Time since last request: 0.000025 seconds.
  path: Assets/Versatile Studio Assets/Demo City By Versatile Studio/Models/demo_city_by_versatile_studio.fbx
  artifactKey: Guid(f99be3dce881b214a9a0d83c6b2d0fda) Importer(815301076,1909f56bfc062723c751e8b465ee728b)
Start importing Assets/Versatile Studio Assets/Demo City By Versatile Studio/Models/demo_city_by_versatile_studio.fbx using Guid(f99be3dce881b214a9a0d83c6b2d0fda) Importer(815301076,1909f56bfc062723c751e8b465ee728b)  -> (artifact id: '31a962adeed114c3c50e0a3fe4f22d46') in 3.435469 seconds
Number of updated asset objects reloaded before import = 0
Number of asset objects unloaded after import = 560
========================================================================
Received Import Request.
  Time since last request: 0.000037 seconds.
  path: Assets/Versatile Studio Assets/Demo City By Versatile Studio/Prefabs/factory_building_small.prefab
  artifactKey: Guid(0a984da1cd0ebf846ab2481ce6b77b3f) Importer(815301076,1909f56bfc062723c751e8b465ee728b)
Start importing Assets/Versatile Studio Assets/Demo City By Versatile Studio/Prefabs/factory_building_small.prefab using Guid(0a984da1cd0ebf846ab2481ce6b77b3f) Importer(815301076,1909f56bfc062723c751e8b465ee728b)  -> (artifact id: 'c2e73aa2a9700d37711c9db5ca75e124') in 0.802216 seconds
Number of updated asset objects reloaded before import = 0
Number of asset objects unloaded after import = 30
========================================================================
Received Import Request.
  Time since last request: 0.000039 seconds.
  path: Assets/Versatile Studio Assets/Demo City By Versatile Studio/Prefabs/lamp_pole_dual_blue.prefab
  artifactKey: Guid(ae0223c9215d7af4286fc43d3158b060) Importer(815301076,1909f56bfc062723c751e8b465ee728b)
Start importing Assets/Versatile Studio Assets/Demo City By Versatile Studio/Prefabs/lamp_pole_dual_blue.prefab using Guid(ae0223c9215d7af4286fc43d3158b060) Importer(815301076,1909f56bfc062723c751e8b465ee728b)  -> (artifact id: '6cb4e9797b84ad76ca1d44e7b1586532') in 0.104394 seconds
Number of updated asset objects reloaded before import = 0
Number of asset objects unloaded after import = 23
========================================================================
Received Import Request.
  Time since last request: 0.000051 seconds.
  path: Assets/Versatile Studio Assets/Demo City By Versatile Studio/Prefabs/basement_mid.prefab
  artifactKey: Guid(d473e8d2b5b216a40b0bb7617f354548) Importer(815301076,1909f56bfc062723c751e8b465ee728b)
Start importing Assets/Versatile Studio Assets/Demo City By Versatile Studio/Prefabs/basement_mid.prefab using Guid(d473e8d2b5b216a40b0bb7617f354548) Importer(815301076,1909f56bfc062723c751e8b465ee728b)  -> (artifact id: '7bc9f52c6753f9556c27a2c8d9ba39cc') in 0.444529 seconds
Number of updated asset objects reloaded before import = 0
Number of asset objects unloaded after import = 14
========================================================================
Received Import Request.
  Time since last request: 0.000034 seconds.
  path: Assets/Versatile Studio Assets/Demo City By Versatile Studio/Prefabs/lamp_pole_single_pink.prefab
  artifactKey: Guid(ee320aa63aada0e44b3c3a900180121b) Importer(815301076,1909f56bfc062723c751e8b465ee728b)
Start importing Assets/Versatile Studio Assets/Demo City By Versatile Studio/Prefabs/lamp_pole_single_pink.prefab using Guid(ee320aa63aada0e44b3c3a900180121b) Importer(815301076,1909f56bfc062723c751e8b465ee728b)  -> (artifact id: '6e01ce94b5b760f67dcf328f131794a4') in 0.049283 seconds
Number of updated asset objects reloaded before import = 0
Number of asset objects unloaded after import = 17
========================================================================
Received Import Request.
  Time since last request: 0.000044 seconds.
  path: Assets/Versatile Studio Assets/Demo City By Versatile Studio/Prefabs/mid_house_3.prefab
  artifactKey: Guid(e55db05c354298e419fe7c1c1cb11333) Importer(815301076,1909f56bfc062723c751e8b465ee728b)
Start importing Assets/Versatile Studio Assets/Demo City By Versatile Studio/Prefabs/mid_house_3.prefab using Guid(e55db05c354298e419fe7c1c1cb11333) Importer(815301076,1909f56bfc062723c751e8b465ee728b)  -> (artifact id: '0e125d295d4a7b41598d18444093bcd9') in 0.548031 seconds
Number of updated asset objects reloaded before import = 0
Number of asset objects unloaded after import = 26
========================================================================
Received Import Request.
  Time since last request: 0.000021 seconds.
  path: Assets/Versatile Studio Assets/Demo City By Versatile Studio/Scenes/demo_city_night.unity
  artifactKey: Guid(3dd6985d248a2724291b46a30456112a) Importer(815301076,1909f56bfc062723c751e8b465ee728b)
Start importing Assets/Versatile Studio Assets/Demo City By Versatile Studio/Scenes/demo_city_night.unity using Guid(3dd6985d248a2724291b46a30456112a) Importer(815301076,1909f56bfc062723c751e8b465ee728b)  -> (artifact id: '7e4e4482f13f12505fc81aa6c5158a69') in 0.000568 seconds
Number of updated asset objects reloaded before import = 0
Number of asset objects unloaded after import = 0
========================================================================
Received Import Request.
  Time since last request: 0.000028 seconds.
  path: Assets/Versatile Studio Assets/Demo City By Versatile Studio/Prefabs/basement_small.prefab
  artifactKey: Guid(46be7acb37544a048be19d11f8a64bfa) Importer(815301076,1909f56bfc062723c751e8b465ee728b)
Start importing Assets/Versatile Studio Assets/Demo City By Versatile Studio/Prefabs/basement_small.prefab using Guid(46be7acb37544a048be19d11f8a64bfa) Importer(815301076,1909f56bfc062723c751e8b465ee728b)  -> (artifact id: '89909858a7a1a6cf80eae06d838a2daa') in 0.345492 seconds
Number of updated asset objects reloaded before import = 0
Number of asset objects unloaded after import = 14
========================================================================
Received Import Request.
  Time since last request: 0.000019 seconds.
  path: Assets/Versatile Studio Assets/Demo City By Versatile Studio/Models/office_building_1.fbx
  artifactKey: Guid(164ba863f116f844badd128ff3d17250) Importer(815301076,1909f56bfc062723c751e8b465ee728b)
Start importing Assets/Versatile Studio Assets/Demo City By Versatile Studio/Models/office_building_1.fbx using Guid(164ba863f116f844badd128ff3d17250) Importer(815301076,1909f56bfc062723c751e8b465ee728b)  -> (artifact id: 'd96b13d68d1d8d8befa9c518766989ea') in 0.770737 seconds
Number of updated asset objects reloaded before import = 0
Number of asset objects unloaded after import = 24
========================================================================
Received Import Request.
  Time since last request: 0.000086 seconds.
  path: Assets/Versatile Studio Assets/Demo City By Versatile Studio/Models/office_building_1_bgr.fbx
  artifactKey: Guid(d3abfefea8c568940a3bcc305cc5ff65) Importer(815301076,1909f56bfc062723c751e8b465ee728b)
Start importing Assets/Versatile Studio Assets/Demo City By Versatile Studio/Models/office_building_1_bgr.fbx using Guid(d3abfefea8c568940a3bcc305cc5ff65) Importer(815301076,1909f56bfc062723c751e8b465ee728b)  -> (artifact id: '049ae0bbcf6482ae431afed07f56c180') in 0.163807 seconds
Number of updated asset objects reloaded before import = 0
Number of asset objects unloaded after import = 14
========================================================================
Received Import Request.
  Time since last request: 0.000022 seconds.
  path: Assets/Versatile Studio Assets/Demo City By Versatile Studio/Prefabs/basement_big.prefab
  artifactKey: Guid(2a006ed40b93cf842b1dc6ad5a4cd5bb) Importer(815301076,1909f56bfc062723c751e8b465ee728b)
Start importing Assets/Versatile Studio Assets/Demo City By Versatile Studio/Prefabs/basement_big.prefab using Guid(2a006ed40b93cf842b1dc6ad5a4cd5bb) Importer(815301076,1909f56bfc062723c751e8b465ee728b)  -> (artifact id: '91af31ee7fbcb3bc065c8258ad6e86ac') in 0.316088 seconds
Number of updated asset objects reloaded before import = 0
Number of asset objects unloaded after import = 14
========================================================================
Received Import Request.
  Time since last request: 0.000021 seconds.
  path: Assets/Versatile Studio Assets/Demo City By Versatile Studio/Models/factory_building_big.fbx
  artifactKey: Guid(13faf7475aac74a418597eaf9c203dc8) Importer(815301076,1909f56bfc062723c751e8b465ee728b)
Start importing Assets/Versatile Studio Assets/Demo City By Versatile Studio/Models/factory_building_big.fbx using Guid(13faf7475aac74a418597eaf9c203dc8) Importer(815301076,1909f56bfc062723c751e8b465ee728b)  -> (artifact id: '004202a253e7f69ceaf5fc1a7eabed4f') in 0.637599 seconds
Number of updated asset objects reloaded before import = 0
Number of asset objects unloaded after import = 24
========================================================================
Received Import Request.
  Time since last request: 54.725306 seconds.
  path: Assets/PolyStang/Prefabs/PolyStang_1.prefab
  artifactKey: Guid(7014cc0a88068fa42a71646af935782e) Importer(815301076,1909f56bfc062723c751e8b465ee728b)
Start importing Assets/PolyStang/Prefabs/PolyStang_1.prefab using Guid(7014cc0a88068fa42a71646af935782e) Importer(815301076,1909f56bfc062723c751e8b465ee728b) Refreshing native plugins compatible for Editor in 6.25 ms, found 3 plugins.
Preloading 0 native plugins for Editor in 0.00 ms.
 -> (artifact id: 'f6ee71bea770b00ac4e1e3e501924d5d') in 0.138078 seconds
Number of updated asset objects reloaded before import = 0
Number of asset objects unloaded after import = 207
========================================================================
Received Import Request.
  Time since last request: 0.000022 seconds.
  path: Assets/PolyStang/Prefabs/PolyStang_3.prefab
  artifactKey: Guid(9d67538aec7ae3f4da9f138ee48fae0a) Importer(815301076,1909f56bfc062723c751e8b465ee728b)
Start importing Assets/PolyStang/Prefabs/PolyStang_3.prefab using Guid(9d67538aec7ae3f4da9f138ee48fae0a) Importer(815301076,1909f56bfc062723c751e8b465ee728b) Refreshing native plugins compatible for Editor in 7.94 ms, found 3 plugins.
Preloading 0 native plugins for Editor in 0.00 ms.
 -> (artifact id: '80e05990f8d36841a4b5d3fd75d7f4a2') in 0.065721 seconds
Number of updated asset objects reloaded before import = 0
Number of asset objects unloaded after import = 580
========================================================================
Received Import Request.
  Time since last request: 0.000036 seconds.
  path: Assets/PolyStang/Prefabs/PolyStang_4.prefab
  artifactKey: Guid(adcdae093cfee7845bbd9613e2f6bb54) Importer(815301076,1909f56bfc062723c751e8b465ee728b)
Start importing Assets/PolyStang/Prefabs/PolyStang_4.prefab using Guid(adcdae093cfee7845bbd9613e2f6bb54) Importer(815301076,1909f56bfc062723c751e8b465ee728b) Refreshing native plugins compatible for Editor in 6.24 ms, found 3 plugins.
Preloading 0 native plugins for Editor in 0.00 ms.
 -> (artifact id: '13d87dfbbb41522af10203253d004fb2') in 0.059113 seconds
Number of updated asset objects reloaded before import = 0
Number of asset objects unloaded after import = 766
========================================================================
Received Import Request.
  Time since last request: 32.293397 seconds.
  path: Assets/PolyStang/Materials/StreetLights/LightMetal 1.mat
  artifactKey: Guid(9d759403b3e351b46879a92a096c2048) Importer(815301076,1909f56bfc062723c751e8b465ee728b)
Start importing Assets/PolyStang/Materials/StreetLights/LightMetal 1.mat using Guid(9d759403b3e351b46879a92a096c2048) Importer(815301076,1909f56bfc062723c751e8b465ee728b)  -> (artifact id: '1417b9a72a0da574308f56c779c9de78') in 0.009105 seconds
Number of updated asset objects reloaded before import = 0
Number of asset objects unloaded after import = 1
========================================================================
Received Import Request.
  Time since last request: 14.446881 seconds.
  path: Assets/PolyStang/Sounds/Mixer.mixer
  artifactKey: Guid(d8edd507eb7c7c14ea4819ecf730a842) Importer(815301076,1909f56bfc062723c751e8b465ee728b)
Start importing Assets/PolyStang/Sounds/Mixer.mixer using Guid(d8edd507eb7c7c14ea4819ecf730a842) Importer(815301076,1909f56bfc062723c751e8b465ee728b) Refreshing native plugins compatible for Editor in 8.46 ms, found 3 plugins.
Preloading 0 native plugins for Editor in 0.00 ms.
 -> (artifact id: '233bc1e75f08002b6a57baeb719d314e') in 0.010629 seconds
Number of updated asset objects reloaded before import = 0
Number of asset objects unloaded after import = 10
========================================================================
Received Import Request.
  Time since last request: 0.000018 seconds.
  path: Assets/PolyStang/Sounds/SkiddingTiresLoop.wav
  artifactKey: Guid(df918665fd6b4db46a41181376a39e34) Importer(815301076,1909f56bfc062723c751e8b465ee728b)
Start importing Assets/PolyStang/Sounds/SkiddingTiresLoop.wav using Guid(df918665fd6b4db46a41181376a39e34) Importer(815301076,1909f56bfc062723c751e8b465ee728b)  -> (artifact id: 'bd910ca1a96de9e6e3b5c1bc7335d362') in 0.037594 seconds
Number of updated asset objects reloaded before import = 0
Number of asset objects unloaded after import = 2
========================================================================
Received Import Request.
  Time since last request: 0.000028 seconds.
  path: Assets/PolyStang/Sounds/SkiddingTiresStart.wav
  artifactKey: Guid(56dc2dadf37dd3e46a7588a22fd70f67) Importer(815301076,1909f56bfc062723c751e8b465ee728b)
Start importing Assets/PolyStang/Sounds/SkiddingTiresStart.wav using Guid(56dc2dadf37dd3e46a7588a22fd70f67) Importer(815301076,1909f56bfc062723c751e8b465ee728b)  -> (artifact id: '640748510bd05bbe1ffdd33ad35ce82d') in 0.013327 seconds
Number of updated asset objects reloaded before import = 0
Number of asset objects unloaded after import = 2
========================================================================
Received Prepare
Begin MonoManager ReloadAssembly
Symbol file LoadedFromMemory is not a mono symbol file
- Loaded All Assemblies, in  0.779 seconds
Refreshing native plugins compatible for Editor in 5.75 ms, found 3 plugins.
Native extension for WindowsStandalone target not found
Native extension for Android target not found
Native extension for WebGL target not found
[Package Manager] Server::EnsureServerProcessIsRunning -- launch failed, reason: Unity was launched with the -noUpm command-line argument
[Package Manager] UpmClient::Send -- Unable to send message (not connected to UPM process).
[Package Manager] Cannot connect to Unity Package Manager local server
Mono: successfully reloaded assembly
- Finished resetting the current domain, in  1.204 seconds
Domain Reload Profiling: 1980ms
	BeginReloadAssembly (226ms)
		ExecutionOrderSort (0ms)
		DisableScriptedObjects (10ms)
		BackupInstance (0ms)
		ReleaseScriptingObjects (0ms)
		CreateAndSetChildDomain (65ms)
	RebuildCommonClasses (50ms)
	RebuildNativeTypeToScriptingClass (20ms)
	initialDomainReloadingComplete (37ms)
	LoadAllAssembliesAndSetupDomain (443ms)
		LoadAssemblies (513ms)
		RebuildTransferFunctionScriptingTraits (0ms)
		AnalyzeDomain (43ms)
			TypeCache.Refresh (15ms)
				TypeCache.ScanAssembly (0ms)
			ScanForSourceGeneratedMonoScriptInfo (11ms)
			ResolveRequiredComponents (15ms)
	FinalizeReload (1204ms)
		ReleaseScriptCaches (0ms)
		RebuildScriptCaches (0ms)
		SetupLoadedEditorAssemblies (875ms)
			LogAssemblyErrors (0ms)
			InitializePlatformSupportModulesInManaged (38ms)
			SetLoadedEditorAssemblies (7ms)
			RefreshPlugins (0ms)
			BeforeProcessingInitializeOnLoad (155ms)
			ProcessInitializeOnLoadAttributes (457ms)
			ProcessInitializeOnLoadMethodAttributes (210ms)
			AfterProcessingInitializeOnLoad (8ms)
			EditorAssembliesLoaded (0ms)
		ExecutionOrderSort2 (0ms)
		AwakeInstancesAfterBackupRestoration (8ms)
Failed to load shader (instanceID 25832, GUID 9c442dc870b456e48b615cd8add0e9ef)
Failed to load shader (instanceID 25834, GUID 493b79ea9c9be44ed8b702014d3ac49c)
Refreshing native plugins compatible for Editor in 5.20 ms, found 3 plugins.
Preloading 0 native plugins for Editor in 0.00 ms.
Unloading 1714 Unused Serialized files (Serialized files now loaded: 0)
Unloading 65 unused Assets / (2.8 MB). Loaded Objects now: 2241.
Memory consumption went from 119.7 MB to 117.0 MB.
Total: 7.622000 ms (FindLiveObjects: 0.163000 ms CreateObjectMapping: 0.080000 ms MarkObjects: 6.688900 ms  DeleteObjects: 0.688800 ms)

Prepare: number of updated asset objects reloaded= 0
AssetImportParameters requested are different than current active one (requested -> active):
  custom:container-demuxer-ogg: 62fdf1f143b41e24485cea50d1cbac27 -> 
  custom:video-codec-MediaFoundation-h265: 746d11721c4dcdbdad8f713fa42b33f4 -> 
  custom:video-decoder-ogg-theora: a1e56fd34408186e4bbccfd4996cb3dc -> 
  custom:framework-win-MediaFoundation: 216162199b28c13a410421893ffa2e32 -> 
  custom:CustomObjectIndexerAttribute: 6d391050e5a25f67b0a2c618074f2cd9 -> 
  custom:container-demuxer-webm: 4f35f7cbe854078d1ac9338744f61a02 -> 
  custom:container-muxer-webm: aa71ff27fc2769a1b78a27578f13a17b -> 
  custom:video-decoder-webm-vp8: 9c59270c3fd7afecdb556c50c9e8de78 -> 
  custom:SearchIndexIgnoredProperties: e643bd26f0fe6173181afceb89e7c659 -> 
  custom:AudioImporter_EditorPlatform: d09bf68614088b80899f8185d706f6e7 -> 
  custom:video-encoder-webm-vp8: eb34c28f22e8b96e1ab97ce403110664 -> 
  custom:audio-decoder-ogg-vorbis: bf7c407c2cedff20999df2af8eb42d56 -> 
  custom:audio-encoder-webm-vorbis: bf7c407c2cedff20999df2af8eb42d56 -> 
========================================================================
Received Prepare
Begin MonoManager ReloadAssembly
Symbol file LoadedFromMemory is not a mono symbol file
- Loaded All Assemblies, in  0.757 seconds
Refreshing native plugins compatible for Editor in 5.77 ms, found 3 plugins.
Native extension for WindowsStandalone target not found
Native extension for Android target not found
Native extension for WebGL target not found
[Package Manager] Server::EnsureServerProcessIsRunning -- launch failed, reason: Unity was launched with the -noUpm command-line argument
[Package Manager] UpmClient::Send -- Unable to send message (not connected to UPM process).
[Package Manager] Cannot connect to Unity Package Manager local server
Mono: successfully reloaded assembly
- Finished resetting the current domain, in  1.293 seconds
Domain Reload Profiling: 2047ms
	BeginReloadAssembly (248ms)
		ExecutionOrderSort (0ms)
		DisableScriptedObjects (10ms)
		BackupInstance (0ms)
		ReleaseScriptingObjects (0ms)
		CreateAndSetChildDomain (69ms)
	RebuildCommonClasses (50ms)
	RebuildNativeTypeToScriptingClass (16ms)
	initialDomainReloadingComplete (47ms)
	LoadAllAssembliesAndSetupDomain (392ms)
		LoadAssemblies (487ms)
		RebuildTransferFunctionScriptingTraits (0ms)
		AnalyzeDomain (33ms)
			TypeCache.Refresh (13ms)
				TypeCache.ScanAssembly (0ms)
			ScanForSourceGeneratedMonoScriptInfo (9ms)
			ResolveRequiredComponents (9ms)
	FinalizeReload (1293ms)
		ReleaseScriptCaches (0ms)
		RebuildScriptCaches (0ms)
		SetupLoadedEditorAssemblies (956ms)
			LogAssemblyErrors (0ms)
			InitializePlatformSupportModulesInManaged (41ms)
			SetLoadedEditorAssemblies (9ms)
			RefreshPlugins (0ms)
			BeforeProcessingInitializeOnLoad (200ms)
			ProcessInitializeOnLoadAttributes (482ms)
			ProcessInitializeOnLoadMethodAttributes (214ms)
			AfterProcessingInitializeOnLoad (9ms)
			EditorAssembliesLoaded (1ms)
		ExecutionOrderSort2 (0ms)
		AwakeInstancesAfterBackupRestoration (13ms)
Failed to load shader (instanceID 25832, GUID 9c442dc870b456e48b615cd8add0e9ef)
Failed to load shader (instanceID 25834, GUID 493b79ea9c9be44ed8b702014d3ac49c)
Refreshing native plugins compatible for Editor in 5.18 ms, found 3 plugins.
Preloading 0 native plugins for Editor in 0.00 ms.
Unloading 1717 Unused Serialized files (Serialized files now loaded: 0)
Unloading 61 unused Assets / (2.8 MB). Loaded Objects now: 2258.
Memory consumption went from 121.9 MB to 119.2 MB.
Total: 9.889600 ms (FindLiveObjects: 0.180800 ms CreateObjectMapping: 0.086600 ms MarkObjects: 8.895800 ms  DeleteObjects: 0.725100 ms)

Prepare: number of updated asset objects reloaded= 0
AssetImportParameters requested are different than current active one (requested -> active):
  custom:container-demuxer-ogg: 62fdf1f143b41e24485cea50d1cbac27 -> 
  custom:video-codec-MediaFoundation-h265: 746d11721c4dcdbdad8f713fa42b33f4 -> 
  custom:video-decoder-ogg-theora: a1e56fd34408186e4bbccfd4996cb3dc -> 
  custom:framework-win-MediaFoundation: 216162199b28c13a410421893ffa2e32 -> 
  custom:CustomObjectIndexerAttribute: 6d391050e5a25f67b0a2c618074f2cd9 -> 
  custom:container-demuxer-webm: 4f35f7cbe854078d1ac9338744f61a02 -> 
  custom:container-muxer-webm: aa71ff27fc2769a1b78a27578f13a17b -> 
  custom:video-decoder-webm-vp8: 9c59270c3fd7afecdb556c50c9e8de78 -> 
  custom:SearchIndexIgnoredProperties: e643bd26f0fe6173181afceb89e7c659 -> 
  custom:AudioImporter_EditorPlatform: d09bf68614088b80899f8185d706f6e7 -> 
  custom:video-encoder-webm-vp8: eb34c28f22e8b96e1ab97ce403110664 -> 
  custom:audio-decoder-ogg-vorbis: bf7c407c2cedff20999df2af8eb42d56 -> 
  custom:audio-encoder-webm-vorbis: bf7c407c2cedff20999df2af8eb42d56 -> 
========================================================================
Received Import Request.
  Time since last request: 99.981970 seconds.
  path: Assets/Image/PLayer/Ch15_nonPBR 1.fbx
  artifactKey: Guid(58e646da634f7e241abe42cec688f148) Importer(815301076,1909f56bfc062723c751e8b465ee728b)
Start importing Assets/Image/PLayer/Ch15_nonPBR 1.fbx using Guid(58e646da634f7e241abe42cec688f148) Importer(815301076,1909f56bfc062723c751e8b465ee728b)  -> (artifact id: '42b246a1231b7e81a44b9e14706ff6ca') in 0.823187 seconds
Number of updated asset objects reloaded before import = 0
Number of asset objects unloaded after import = 146
========================================================================
Received Import Request.
  Time since last request: 5.778548 seconds.
  path: Assets/PolyStang/Materials/Props/BarrierWhite 1.mat
  artifactKey: Guid(0bb1976994dbb354aaf021adb37d8952) Importer(815301076,1909f56bfc062723c751e8b465ee728b)
Start importing Assets/PolyStang/Materials/Props/BarrierWhite 1.mat using Guid(0bb1976994dbb354aaf021adb37d8952) Importer(815301076,1909f56bfc062723c751e8b465ee728b)  -> (artifact id: 'f5a367f54b9f2ff211c1c37e5921f0f3') in 0.007724 seconds
Number of updated asset objects reloaded before import = 0
Number of asset objects unloaded after import = 1
========================================================================
Received Import Request.
  Time since last request: 0.000023 seconds.
  path: Assets/PolyStang/Materials/Props/CargoMetal 1.mat
  artifactKey: Guid(85808b70be3698241ad61562da9dd48c) Importer(815301076,1909f56bfc062723c751e8b465ee728b)
Start importing Assets/PolyStang/Materials/Props/CargoMetal 1.mat using Guid(85808b70be3698241ad61562da9dd48c) Importer(815301076,1909f56bfc062723c751e8b465ee728b)  -> (artifact id: 'e14f4c3b60084af83ea0029518d14d3d') in 0.007256 seconds
Number of updated asset objects reloaded before import = 0
Number of asset objects unloaded after import = 1
========================================================================
Received Import Request.
  Time since last request: 0.000022 seconds.
  path: Assets/PolyStang/Materials/Props/ConeWhite 1.mat
  artifactKey: Guid(27e0dc8674c7e7e4583a3aeb772b57ef) Importer(815301076,1909f56bfc062723c751e8b465ee728b)
Start importing Assets/PolyStang/Materials/Props/ConeWhite 1.mat using Guid(27e0dc8674c7e7e4583a3aeb772b57ef) Importer(815301076,1909f56bfc062723c751e8b465ee728b)  -> (artifact id: '7bac03bf5a63a1f372c6c5d7aed3c8bb') in 0.007535 seconds
Number of updated asset objects reloaded before import = 0
Number of asset objects unloaded after import = 1
========================================================================
Received Import Request.
  Time since last request: 0.000026 seconds.
  path: Assets/PolyStang/Materials/Props/ConeOrange 1.mat
  artifactKey: Guid(bf31fd62a0234a946859f9fb0ea04ce0) Importer(815301076,1909f56bfc062723c751e8b465ee728b)
Start importing Assets/PolyStang/Materials/Props/ConeOrange 1.mat using Guid(bf31fd62a0234a946859f9fb0ea04ce0) Importer(815301076,1909f56bfc062723c751e8b465ee728b)  -> (artifact id: '62097741d5f858fbcae55c20c98260ed') in 0.007405 seconds
Number of updated asset objects reloaded before import = 0
Number of asset objects unloaded after import = 1
========================================================================
Received Import Request.
  Time since last request: 5.588241 seconds.
  path: Assets/PolyStang/Prefabs/PolyStang_1.prefab
  artifactKey: Guid(7014cc0a88068fa42a71646af935782e) Importer(815301076,1909f56bfc062723c751e8b465ee728b)
Start importing Assets/PolyStang/Prefabs/PolyStang_1.prefab using Guid(7014cc0a88068fa42a71646af935782e) Importer(815301076,1909f56bfc062723c751e8b465ee728b)  -> (artifact id: 'a07001a9b8df088fe1c57537d7b1acf3') in 0.031492 seconds
Number of updated asset objects reloaded before import = 0
Number of asset objects unloaded after import = 203
========================================================================
Received Import Request.
  Time since last request: 0.000031 seconds.
  path: Assets/PolyStang/Prefabs/PolyStang_3.prefab
  artifactKey: Guid(9d67538aec7ae3f4da9f138ee48fae0a) Importer(815301076,1909f56bfc062723c751e8b465ee728b)
Start importing Assets/PolyStang/Prefabs/PolyStang_3.prefab using Guid(9d67538aec7ae3f4da9f138ee48fae0a) Importer(815301076,1909f56bfc062723c751e8b465ee728b)  -> (artifact id: '597932f0d0df0143dbb7ac7799149d4a') in 0.034763 seconds
Number of updated asset objects reloaded before import = 0
Number of asset objects unloaded after import = 576
========================================================================
Received Import Request.
  Time since last request: 0.000024 seconds.
  path: Assets/PolyStang/Prefabs/PolyStang_4.prefab
  artifactKey: Guid(adcdae093cfee7845bbd9613e2f6bb54) Importer(815301076,1909f56bfc062723c751e8b465ee728b)
Start importing Assets/PolyStang/Prefabs/PolyStang_4.prefab using Guid(adcdae093cfee7845bbd9613e2f6bb54) Importer(815301076,1909f56bfc062723c751e8b465ee728b)  -> (artifact id: '0659e0ff871b48ed8398db1a83c826d6') in 0.034458 seconds
Number of updated asset objects reloaded before import = 0
Number of asset objects unloaded after import = 762
========================================================================
Received Import Request.
  Time since last request: 25.334632 seconds.
  path: Assets/PolyStang/Materials/PolyStangs/PolyStang_2/Car.mat
  artifactKey: Guid(3d85611292b208045b0cb3478de10cb9) Importer(815301076,1909f56bfc062723c751e8b465ee728b)
Start importing Assets/PolyStang/Materials/PolyStangs/PolyStang_2/Car.mat using Guid(3d85611292b208045b0cb3478de10cb9) Importer(815301076,1909f56bfc062723c751e8b465ee728b)  -> (artifact id: 'a0a8f762ab7fa292f4e0e80d702a80ef') in 0.006891 seconds
Number of updated asset objects reloaded before import = 0
Number of asset objects unloaded after import = 1
========================================================================
Received Import Request.
  Time since last request: 20.355830 seconds.
  path: Assets/Versatile Studio Assets/Demo City By Versatile Studio/Models/office_building_4.fbx
  artifactKey: Guid(8cec6e2279be0304c81454e0c6dc6b79) Importer(815301076,1909f56bfc062723c751e8b465ee728b)
Start importing Assets/Versatile Studio Assets/Demo City By Versatile Studio/Models/office_building_4.fbx using Guid(8cec6e2279be0304c81454e0c6dc6b79) Importer(815301076,1909f56bfc062723c751e8b465ee728b)  -> (artifact id: '650e03ab079c3f3d478f4402e259b8fc') in 0.497998 seconds
Number of updated asset objects reloaded before import = 0
Number of asset objects unloaded after import = 24
========================================================================
Received Import Request.
  Time since last request: 0.000024 seconds.
  path: Assets/Versatile Studio Assets/Demo City By Versatile Studio/Models/small_house_1.fbx
  artifactKey: Guid(4a4197e7c33e5bf4984d931c8f992851) Importer(815301076,1909f56bfc062723c751e8b465ee728b)
Start importing Assets/Versatile Studio Assets/Demo City By Versatile Studio/Models/small_house_1.fbx using Guid(4a4197e7c33e5bf4984d931c8f992851) Importer(815301076,1909f56bfc062723c751e8b465ee728b)  -> (artifact id: 'c79277686da0be5bffdab1c129cb21de') in 0.349811 seconds
Number of updated asset objects reloaded before import = 0
Number of asset objects unloaded after import = 20
========================================================================
Received Import Request.
  Time since last request: 0.000039 seconds.
  path: Assets/Versatile Studio Assets/Demo City By Versatile Studio/Models/tree_3.fbx
  artifactKey: Guid(9eeace017892e6e4b936498efff23317) Importer(815301076,1909f56bfc062723c751e8b465ee728b)
Start importing Assets/Versatile Studio Assets/Demo City By Versatile Studio/Models/tree_3.fbx using Guid(9eeace017892e6e4b936498efff23317) Importer(815301076,1909f56bfc062723c751e8b465ee728b)  -> (artifact id: '8113f4bb2506be9697f15ad29444f7f0') in 0.055407 seconds
Number of updated asset objects reloaded before import = 0
Number of asset objects unloaded after import = 13
========================================================================
Received Import Request.
  Time since last request: 0.000023 seconds.
  path: Assets/Versatile Studio Assets/Demo City By Versatile Studio/Models/small_house_2.fbx
  artifactKey: Guid(90d284ef85934684a93a8e5a4067911b) Importer(815301076,1909f56bfc062723c751e8b465ee728b)
Start importing Assets/Versatile Studio Assets/Demo City By Versatile Studio/Models/small_house_2.fbx using Guid(90d284ef85934684a93a8e5a4067911b) Importer(815301076,1909f56bfc062723c751e8b465ee728b)  -> (artifact id: '8ef17947d322e17a0ddb47774172e1e2') in 0.372321 seconds
Number of updated asset objects reloaded before import = 0
Number of asset objects unloaded after import = 20
========================================================================
Received Import Request.
  Time since last request: 0.000021 seconds.
  path: Assets/Versatile Studio Assets/Demo City By Versatile Studio/Models/small_house_3.fbx
  artifactKey: Guid(8922123bffe3c6341bc1ddf9af970835) Importer(815301076,1909f56bfc062723c751e8b465ee728b)
Start importing Assets/Versatile Studio Assets/Demo City By Versatile Studio/Models/small_house_3.fbx using Guid(8922123bffe3c6341bc1ddf9af970835) Importer(815301076,1909f56bfc062723c751e8b465ee728b)  -> (artifact id: 'dfb9d3f88191387e00decdb39c666661') in 0.374410 seconds
Number of updated asset objects reloaded before import = 0
Number of asset objects unloaded after import = 20
========================================================================
Received Import Request.
  Time since last request: 0.000035 seconds.
  path: Assets/Versatile Studio Assets/Demo City By Versatile Studio/Models/tree_2.fbx
  artifactKey: Guid(ffa56748ab32eb94abdad75551227af6) Importer(815301076,1909f56bfc062723c751e8b465ee728b)
Start importing Assets/Versatile Studio Assets/Demo City By Versatile Studio/Models/tree_2.fbx using Guid(ffa56748ab32eb94abdad75551227af6) Importer(815301076,1909f56bfc062723c751e8b465ee728b)  -> (artifact id: 'd96054b7103e4f04746c6ad069a4679e') in 0.057910 seconds
Number of updated asset objects reloaded before import = 0
Number of asset objects unloaded after import = 13
========================================================================
Received Import Request.
  Time since last request: 0.000032 seconds.
  path: Assets/Versatile Studio Assets/Demo City By Versatile Studio/Models/office_building_4_bgr.fbx
  artifactKey: Guid(d7aeb709a3e64ad46b994291949d76e7) Importer(815301076,1909f56bfc062723c751e8b465ee728b)
Start importing Assets/Versatile Studio Assets/Demo City By Versatile Studio/Models/office_building_4_bgr.fbx using Guid(d7aeb709a3e64ad46b994291949d76e7) Importer(815301076,1909f56bfc062723c751e8b465ee728b)  -> (artifact id: 'cb05ab80f7953bd502ff1ad4f7b7b3e2') in 0.095594 seconds
Number of updated asset objects reloaded before import = 0
Number of asset objects unloaded after import = 14
========================================================================
Received Import Request.
  Time since last request: 0.000036 seconds.
  path: Assets/Versatile Studio Assets/Demo City By Versatile Studio/Models/tree_1.fbx
  artifactKey: Guid(dda42447d741e5c49b0a5461669fdc99) Importer(815301076,1909f56bfc062723c751e8b465ee728b)
Start importing Assets/Versatile Studio Assets/Demo City By Versatile Studio/Models/tree_1.fbx using Guid(dda42447d741e5c49b0a5461669fdc99) Importer(815301076,1909f56bfc062723c751e8b465ee728b)  -> (artifact id: 'c7a67d27f356b1131418e243859992e2') in 0.061939 seconds
Number of updated asset objects reloaded before import = 0
Number of asset objects unloaded after import = 13
========================================================================
Received Import Request.
  Time since last request: 2.174980 seconds.
  path: Assets/Versatile Studio Assets/Demo City By Versatile Studio/Textures/asphalt_2-5_tracks_nm.png
  artifactKey: Guid(f94bca02a2ea0f748a1550b812b190e5) Importer(815301076,1909f56bfc062723c751e8b465ee728b)
Start importing Assets/Versatile Studio Assets/Demo City By Versatile Studio/Textures/asphalt_2-5_tracks_nm.png using Guid(f94bca02a2ea0f748a1550b812b190e5) Importer(815301076,1909f56bfc062723c751e8b465ee728b)  -> (artifact id: '4d336c0bb589ab0cbdc5c0840b2ec146') in 0.087017 seconds
Number of updated asset objects reloaded before import = 0
Number of asset objects unloaded after import = 2
========================================================================
Received Import Request.
  Time since last request: 0.000022 seconds.
  path: Assets/Versatile Studio Assets/Demo City By Versatile Studio/Textures/building_interior_oc.png
  artifactKey: Guid(a8b24c2e2fceff54cbddde236cf88460) Importer(815301076,1909f56bfc062723c751e8b465ee728b)
Start importing Assets/Versatile Studio Assets/Demo City By Versatile Studio/Textures/building_interior_oc.png using Guid(a8b24c2e2fceff54cbddde236cf88460) Importer(815301076,1909f56bfc062723c751e8b465ee728b)  -> (artifact id: '844706c9915cd8ceaf25b36c932ece80') in 0.021762 seconds
Number of updated asset objects reloaded before import = 0
Number of asset objects unloaded after import = 2
========================================================================
Received Import Request.
  Time since last request: 0.000034 seconds.
  path: Assets/Versatile Studio Assets/Demo City By Versatile Studio/Textures/asphalt_square.png
  artifactKey: Guid(d9e79842697afca42aa92641c075d086) Importer(815301076,1909f56bfc062723c751e8b465ee728b)
Start importing Assets/Versatile Studio Assets/Demo City By Versatile Studio/Textures/asphalt_square.png using Guid(d9e79842697afca42aa92641c075d086) Importer(815301076,1909f56bfc062723c751e8b465ee728b)  -> (artifact id: '96c34989d18364ec9633e8ec5c8fa52f') in 0.065941 seconds
Number of updated asset objects reloaded before import = 0
Number of asset objects unloaded after import = 2
========================================================================
Received Import Request.
  Time since last request: 0.000019 seconds.
  path: Assets/Versatile Studio Assets/Demo City By Versatile Studio/Textures/building_bases_nm.png
  artifactKey: Guid(6419dd05e3e13344db7c4d09e2d64caf) Importer(815301076,1909f56bfc062723c751e8b465ee728b)
Start importing Assets/Versatile Studio Assets/Demo City By Versatile Studio/Textures/building_bases_nm.png using Guid(6419dd05e3e13344db7c4d09e2d64caf) Importer(815301076,1909f56bfc062723c751e8b465ee728b)  -> (artifact id: '06113c3156e338a35041e4873be28752') in 0.080665 seconds
Number of updated asset objects reloaded before import = 0
Number of asset objects unloaded after import = 2
========================================================================
Received Import Request.
  Time since last request: 0.000019 seconds.
  path: Assets/Versatile Studio Assets/Demo City By Versatile Studio/Textures/asphalt_highway_oc.png
  artifactKey: Guid(677ce390a0860664bad47f7b278ca114) Importer(815301076,1909f56bfc062723c751e8b465ee728b)
Start importing Assets/Versatile Studio Assets/Demo City By Versatile Studio/Textures/asphalt_highway_oc.png using Guid(677ce390a0860664bad47f7b278ca114) Importer(815301076,1909f56bfc062723c751e8b465ee728b)  -> (artifact id: 'f90fe2cea22858a38602d0e3de62a0a6') in 0.074863 seconds
Number of updated asset objects reloaded before import = 0
Number of asset objects unloaded after import = 2
========================================================================
Received Import Request.
  Time since last request: 0.000023 seconds.
  path: Assets/Versatile Studio Assets/Demo City By Versatile Studio/Textures/building_windows_wet_nm.png
  artifactKey: Guid(7d221c28b4c599e41a5d1fa8ad52df42) Importer(815301076,1909f56bfc062723c751e8b465ee728b)
Start importing Assets/Versatile Studio Assets/Demo City By Versatile Studio/Textures/building_windows_wet_nm.png using Guid(7d221c28b4c599e41a5d1fa8ad52df42) Importer(815301076,1909f56bfc062723c751e8b465ee728b)  -> (artifact id: 'a3862a498578cfccd3e49ad69b377184') in 0.099512 seconds
Number of updated asset objects reloaded before import = 0
Number of asset objects unloaded after import = 2
========================================================================
Received Import Request.
  Time since last request: 0.000028 seconds.
  path: Assets/Versatile Studio Assets/Demo City By Versatile Studio/Textures/asphalt_extra_oc.png
  artifactKey: Guid(e00f5dda120cb6641bdff9932ba00586) Importer(815301076,1909f56bfc062723c751e8b465ee728b)
Start importing Assets/Versatile Studio Assets/Demo City By Versatile Studio/Textures/asphalt_extra_oc.png using Guid(e00f5dda120cb6641bdff9932ba00586) Importer(815301076,1909f56bfc062723c751e8b465ee728b)  -> (artifact id: '041b1c670ddc1956afe996a45b3d4b16') in 0.060479 seconds
Number of updated asset objects reloaded before import = 0
Number of asset objects unloaded after import = 2
========================================================================
Received Import Request.
  Time since last request: 0.000026 seconds.
  path: Assets/Versatile Studio Assets/Demo City By Versatile Studio/Textures/asphalt_2_tracks_oc.png
  artifactKey: Guid(42c5e076ff42bd1469c4a4633491fda5) Importer(815301076,1909f56bfc062723c751e8b465ee728b)
Start importing Assets/Versatile Studio Assets/Demo City By Versatile Studio/Textures/asphalt_2_tracks_oc.png using Guid(42c5e076ff42bd1469c4a4633491fda5) Importer(815301076,1909f56bfc062723c751e8b465ee728b)  -> (artifact id: '3e970ee9928096e54ea33c35b29fbf11') in 0.066833 seconds
Number of updated asset objects reloaded before import = 0
Number of asset objects unloaded after import = 2
========================================================================
Received Import Request.
  Time since last request: 0.000019 seconds.
  path: Assets/Versatile Studio Assets/Demo City By Versatile Studio/Textures/asphalt_square_oc.png
  artifactKey: Guid(c76dc866139651e489ed4cac1d146e6f) Importer(815301076,1909f56bfc062723c751e8b465ee728b)
Start importing Assets/Versatile Studio Assets/Demo City By Versatile Studio/Textures/asphalt_square_oc.png using Guid(c76dc866139651e489ed4cac1d146e6f) Importer(815301076,1909f56bfc062723c751e8b465ee728b)  -> (artifact id: '233fe456b3c109d92fb622f4c42c441a') in 0.077435 seconds
Number of updated asset objects reloaded before import = 0
Number of asset objects unloaded after import = 2
========================================================================
Received Import Request.
  Time since last request: 0.000020 seconds.
  path: Assets/Versatile Studio Assets/Demo City By Versatile Studio/Textures/asphalt_extra.png
  artifactKey: Guid(559fde5e570141e4c8fcc6f96cd94dc2) Importer(815301076,1909f56bfc062723c751e8b465ee728b)
Start importing Assets/Versatile Studio Assets/Demo City By Versatile Studio/Textures/asphalt_extra.png using Guid(559fde5e570141e4c8fcc6f96cd94dc2) Importer(815301076,1909f56bfc062723c751e8b465ee728b)  -> (artifact id: 'c385bbac1d70c3e26ba15130b9cc665a') in 0.069140 seconds
Number of updated asset objects reloaded before import = 0
Number of asset objects unloaded after import = 2
========================================================================
Received Import Request.
  Time since last request: 0.000027 seconds.
  path: Assets/Versatile Studio Assets/Demo City By Versatile Studio/Textures/asphalt_2-5_tracks_oc.png
  artifactKey: Guid(4f5f5a0560eba0742947e46a123c71be) Importer(815301076,1909f56bfc062723c751e8b465ee728b)
Start importing Assets/Versatile Studio Assets/Demo City By Versatile Studio/Textures/asphalt_2-5_tracks_oc.png using Guid(4f5f5a0560eba0742947e46a123c71be) Importer(815301076,1909f56bfc062723c751e8b465ee728b)  -> (artifact id: 'd346b9b1e6285f4cb9e9da7131369a86') in 0.134455 seconds
Number of updated asset objects reloaded before import = 0
Number of asset objects unloaded after import = 2
========================================================================
Received Import Request.
  Time since last request: 0.000019 seconds.
  path: Assets/Versatile Studio Assets/Demo City By Versatile Studio/Textures/building_facades.png
  artifactKey: Guid(a5e42dae7847e504083d6d4092766834) Importer(815301076,1909f56bfc062723c751e8b465ee728b)
Start importing Assets/Versatile Studio Assets/Demo City By Versatile Studio/Textures/building_facades.png using Guid(a5e42dae7847e504083d6d4092766834) Importer(815301076,1909f56bfc062723c751e8b465ee728b)  -> (artifact id: '6c49f1ac4de077ac7fef6655705be62f') in 0.156370 seconds
Number of updated asset objects reloaded before import = 0
Number of asset objects unloaded after import = 2
========================================================================
Received Import Request.
  Time since last request: 0.000024 seconds.
  path: Assets/Versatile Studio Assets/Demo City By Versatile Studio/Textures/asphalt_highway.png
  artifactKey: Guid(daf1e92c0326ff746956666cff7510e1) Importer(815301076,1909f56bfc062723c751e8b465ee728b)
Start importing Assets/Versatile Studio Assets/Demo City By Versatile Studio/Textures/asphalt_highway.png using Guid(daf1e92c0326ff746956666cff7510e1) Importer(815301076,1909f56bfc062723c751e8b465ee728b)  -> (artifact id: '150ee7c3e99ecad0aefe98dc1e309e95') in 0.126642 seconds
Number of updated asset objects reloaded before import = 0
Number of asset objects unloaded after import = 2
========================================================================
Received Import Request.
  Time since last request: 0.129921 seconds.
  path: Assets/Versatile Studio Assets/Demo City By Versatile Studio/Textures/props_main.png
  artifactKey: Guid(cf12b928bc9bd7c4f9c2c809047de444) Importer(815301076,1909f56bfc062723c751e8b465ee728b)
Start importing Assets/Versatile Studio Assets/Demo City By Versatile Studio/Textures/props_main.png using Guid(cf12b928bc9bd7c4f9c2c809047de444) Importer(815301076,1909f56bfc062723c751e8b465ee728b)  -> (artifact id: '404bbbc72a82be93fd886ca9dab90541') in 0.028565 seconds
Number of updated asset objects reloaded before import = 0
Number of asset objects unloaded after import = 2
========================================================================
Received Import Request.
  Time since last request: 0.000020 seconds.
  path: Assets/Versatile Studio Assets/Demo City By Versatile Studio/Textures/road_sideway_fences_nm.png
  artifactKey: Guid(6a96d4846d1abe8409b16d9d41dbeb61) Importer(815301076,1909f56bfc062723c751e8b465ee728b)
Start importing Assets/Versatile Studio Assets/Demo City By Versatile Studio/Textures/road_sideway_fences_nm.png using Guid(6a96d4846d1abe8409b16d9d41dbeb61) Importer(815301076,1909f56bfc062723c751e8b465ee728b)  -> (artifact id: '8e578c8655434b4197089ff11f71fb23') in 0.040279 seconds
Number of updated asset objects reloaded before import = 0
Number of asset objects unloaded after import = 2
========================================================================
Received Import Request.
  Time since last request: 0.000025 seconds.
  path: Assets/Versatile Studio Assets/Demo City By Versatile Studio/Textures/vegetation_main.png
  artifactKey: Guid(aef3907085bc6604fa72d2389cf0bb5e) Importer(815301076,1909f56bfc062723c751e8b465ee728b)
Start importing Assets/Versatile Studio Assets/Demo City By Versatile Studio/Textures/vegetation_main.png using Guid(aef3907085bc6604fa72d2389cf0bb5e) Importer(815301076,1909f56bfc062723c751e8b465ee728b)  -> (artifact id: '792e5efb6a81ea9778e683e061ecd962') in 0.031346 seconds
Number of updated asset objects reloaded before import = 0
Number of asset objects unloaded after import = 2
========================================================================
Received Import Request.
  Time since last request: 0.000032 seconds.
  path: Assets/Versatile Studio Assets/Demo City By Versatile Studio/Textures/props_main_nm.png
  artifactKey: Guid(8ae1f7cdebfaae34fbcfe2f7a85b942b) Importer(815301076,1909f56bfc062723c751e8b465ee728b)
Start importing Assets/Versatile Studio Assets/Demo City By Versatile Studio/Textures/props_main_nm.png using Guid(8ae1f7cdebfaae34fbcfe2f7a85b942b) Importer(815301076,1909f56bfc062723c751e8b465ee728b)  -> (artifact id: '9efe852014daf80049b7e4057eaf51b4') in 0.017864 seconds
Number of updated asset objects reloaded before import = 0
Number of asset objects unloaded after import = 2
========================================================================
Received Import Request.
  Time since last request: 0.000030 seconds.
  path: Assets/Versatile Studio Assets/Demo City By Versatile Studio/Textures/sideway_tile_oc.png
  artifactKey: Guid(bb0040cffc1ce2246a5533f352e9ebc0) Importer(815301076,1909f56bfc062723c751e8b465ee728b)
Start importing Assets/Versatile Studio Assets/Demo City By Versatile Studio/Textures/sideway_tile_oc.png using Guid(bb0040cffc1ce2246a5533f352e9ebc0) Importer(815301076,1909f56bfc062723c751e8b465ee728b)  -> (artifact id: 'cda9186137f42dffe035a7b3f074bb1b') in 0.136107 seconds
Number of updated asset objects reloaded before import = 0
Number of asset objects unloaded after import = 2
========================================================================
Received Import Request.
  Time since last request: 0.947120 seconds.
  path: Assets/Versatile Studio Assets/Demo City By Versatile Studio/Textures/vegetation_non_tp_nm.png
  artifactKey: Guid(1efcc94310e86ee4093ff924252d628e) Importer(815301076,1909f56bfc062723c751e8b465ee728b)
Start importing Assets/Versatile Studio Assets/Demo City By Versatile Studio/Textures/vegetation_non_tp_nm.png using Guid(1efcc94310e86ee4093ff924252d628e) Importer(815301076,1909f56bfc062723c751e8b465ee728b)  -> (artifact id: 'a449875afb50581a2d3dc1aabcf1b66a') in 0.016939 seconds
Number of updated asset objects reloaded before import = 0
Number of asset objects unloaded after import = 2
